{"/Users/emrehanci/Desktop/Projects/quiz-arena/src/components/JokerPanel/JokerPanel.tsx": {"path":"/Users/emrehanci/Desktop/Projects/quiz-arena/src/components/JokerPanel/JokerPanel.tsx","statementMap":{"0":{"start":{"line":20,"column":6},"end":{"line":247,"column":null}},"1":{"start":{"line":32,"column":10},"end":{"line":32,"column":32}},"2":{"start":{"line":33,"column":31},"end":{"line":33,"column":73}},"3":{"start":{"line":34,"column":29},"end":{"line":34,"column":69}},"4":{"start":{"line":35,"column":25},"end":{"line":35,"column":66}},"5":{"start":{"line":36,"column":27},"end":{"line":36,"column":70}},"6":{"start":{"line":38,"column":8},"end":{"line":45,"column":null}},"7":{"start":{"line":39,"column":4},"end":{"line":45,"column":null}},"8":{"start":{"line":43,"column":8},"end":{"line":43,"column":null}},"9":{"start":{"line":48,"column":8},"end":{"line":49,"column":null}},"10":{"start":{"line":49,"column":4},"end":{"line":49,"column":null}},"11":{"start":{"line":52,"column":8},"end":{"line":56,"column":null}},"12":{"start":{"line":53,"column":4},"end":{"line":56,"column":null}},"13":{"start":{"line":54,"column":6},"end":{"line":54,"column":null}},"14":{"start":{"line":55,"column":6},"end":{"line":55,"column":null}},"15":{"start":{"line":56,"column":6},"end":{"line":56,"column":null}},"16":{"start":{"line":60,"column":8},"end":{"line":61,"column":null}},"17":{"start":{"line":61,"column":4},"end":{"line":61,"column":null}},"18":{"start":{"line":64,"column":8},"end":{"line":68,"column":null}},"19":{"start":{"line":65,"column":4},"end":{"line":68,"column":null}},"20":{"start":{"line":66,"column":6},"end":{"line":66,"column":null}},"21":{"start":{"line":67,"column":6},"end":{"line":67,"column":null}},"22":{"start":{"line":68,"column":6},"end":{"line":68,"column":null}},"23":{"start":{"line":72,"column":27},"end":{"line":73,"column":null}},"24":{"start":{"line":73,"column":11},"end":{"line":73,"column":46}},"25":{"start":{"line":77,"column":25},"end":{"line":77,"column":null}},"26":{"start":{"line":80,"column":31},"end":{"line":80,"column":null}},"27":{"start":{"line":82,"column":2},"end":{"line":247,"column":null}},"28":{"start":{"line":205,"column":24},"end":{"line":205,"column":54}},"29":{"start":{"line":215,"column":45},"end":{"line":218,"column":15}},"30":{"start":{"line":229,"column":24},"end":{"line":229,"column":52}},"31":{"start":{"line":239,"column":50},"end":{"line":242,"column":15}}},"fnMap":{"0":{"name":"(anonymous_0)","decl":{"start":{"line":20,"column":6},"end":{"line":20,"column":47}},"loc":{"start":{"line":31,"column":6},"end":{"line":247,"column":null}},"line":31},"1":{"name":"(anonymous_1)","decl":{"start":{"line":38,"column":8},"end":{"line":38,"column":33}},"loc":{"start":{"line":38,"column":33},"end":{"line":45,"column":null}},"line":38},"2":{"name":"(anonymous_2)","decl":{"start":{"line":42,"column":6},"end":{"line":42,"column":18}},"loc":{"start":{"line":42,"column":18},"end":{"line":43,"column":null}},"line":42},"3":{"name":"(anonymous_3)","decl":{"start":{"line":48,"column":8},"end":{"line":48,"column":31}},"loc":{"start":{"line":48,"column":31},"end":{"line":49,"column":null}},"line":48},"4":{"name":"(anonymous_4)","decl":{"start":{"line":52,"column":8},"end":{"line":52,"column":38}},"loc":{"start":{"line":52,"column":38},"end":{"line":56,"column":null}},"line":52},"5":{"name":"(anonymous_5)","decl":{"start":{"line":60,"column":8},"end":{"line":60,"column":29}},"loc":{"start":{"line":60,"column":29},"end":{"line":61,"column":null}},"line":60},"6":{"name":"(anonymous_6)","decl":{"start":{"line":64,"column":8},"end":{"line":64,"column":36}},"loc":{"start":{"line":64,"column":36},"end":{"line":68,"column":null}},"line":64},"7":{"name":"(anonymous_7)","decl":{"start":{"line":72,"column":35},"end":{"line":72,"column":null}},"loc":{"start":{"line":73,"column":11},"end":{"line":73,"column":46}},"line":73},"8":{"name":"(anonymous_8)","decl":{"start":{"line":205,"column":8},"end":{"line":205,"column":24}},"loc":{"start":{"line":205,"column":24},"end":{"line":205,"column":54}},"line":205},"9":{"name":"(anonymous_9)","decl":{"start":{"line":215,"column":32},"end":{"line":215,"column":36}},"loc":{"start":{"line":215,"column":45},"end":{"line":218,"column":15}},"line":215},"10":{"name":"(anonymous_10)","decl":{"start":{"line":229,"column":8},"end":{"line":229,"column":24}},"loc":{"start":{"line":229,"column":24},"end":{"line":229,"column":52}},"line":229},"11":{"name":"(anonymous_11)","decl":{"start":{"line":239,"column":38},"end":{"line":239,"column":42}},"loc":{"start":{"line":239,"column":50},"end":{"line":242,"column":15}},"line":239}},"branchMap":{"0":{"loc":{"start":{"line":28,"column":2},"end":{"line":28,"column":null}},"type":"default-arg","locations":[{"start":{"line":28,"column":13},"end":{"line":28,"column":null}}],"line":28},"1":{"loc":{"start":{"line":29,"column":2},"end":{"line":29,"column":null}},"type":"default-arg","locations":[{"start":{"line":29,"column":18},"end":{"line":29,"column":null}}],"line":29},"2":{"loc":{"start":{"line":30,"column":2},"end":{"line":30,"column":null}},"type":"default-arg","locations":[{"start":{"line":30,"column":26},"end":{"line":30,"column":null}}],"line":30},"3":{"loc":{"start":{"line":53,"column":4},"end":{"line":56,"column":null}},"type":"if","locations":[{"start":{"line":53,"column":4},"end":{"line":56,"column":null}},{"start":{},"end":{}}],"line":53},"4":{"loc":{"start":{"line":65,"column":4},"end":{"line":68,"column":null}},"type":"if","locations":[{"start":{"line":65,"column":4},"end":{"line":68,"column":null}},{"start":{},"end":{}}],"line":65},"5":{"loc":{"start":{"line":100,"column":16},"end":{"line":104,"column":null}},"type":"binary-expr","locations":[{"start":{"line":100,"column":16},"end":{"line":100,"column":null}},{"start":{"line":101,"column":16},"end":{"line":101,"column":null}},{"start":{"line":102,"column":16},"end":{"line":102,"column":null}},{"start":{"line":103,"column":16},"end":{"line":103,"column":null}},{"start":{"line":104,"column":16},"end":{"line":104,"column":null}}],"line":100},"6":{"loc":{"start":{"line":106,"column":20},"end":{"line":106,"column":null}},"type":"cond-expr","locations":[{"start":{"line":106,"column":56},"end":{"line":106,"column":68}},{"start":{"line":106,"column":68},"end":{"line":106,"column":null}}],"line":106},"7":{"loc":{"start":{"line":108,"column":15},"end":{"line":110,"column":null}},"type":"cond-expr","locations":[{"start":{"line":109,"column":18},"end":{"line":109,"column":34}},{"start":{"line":110,"column":18},"end":{"line":110,"column":null}}],"line":108},"8":{"loc":{"start":{"line":128,"column":16},"end":{"line":133,"column":null}},"type":"binary-expr","locations":[{"start":{"line":128,"column":16},"end":{"line":128,"column":null}},{"start":{"line":129,"column":16},"end":{"line":129,"column":null}},{"start":{"line":130,"column":16},"end":{"line":130,"column":null}},{"start":{"line":131,"column":16},"end":{"line":131,"column":null}},{"start":{"line":132,"column":16},"end":{"line":132,"column":null}},{"start":{"line":133,"column":16},"end":{"line":133,"column":null}}],"line":128},"9":{"loc":{"start":{"line":135,"column":20},"end":{"line":135,"column":null}},"type":"cond-expr","locations":[{"start":{"line":135,"column":54},"end":{"line":135,"column":66}},{"start":{"line":135,"column":66},"end":{"line":135,"column":null}}],"line":135},"10":{"loc":{"start":{"line":137,"column":15},"end":{"line":139,"column":null}},"type":"cond-expr","locations":[{"start":{"line":138,"column":18},"end":{"line":138,"column":34}},{"start":{"line":139,"column":18},"end":{"line":139,"column":null}}],"line":137},"11":{"loc":{"start":{"line":157,"column":16},"end":{"line":161,"column":null}},"type":"binary-expr","locations":[{"start":{"line":157,"column":16},"end":{"line":157,"column":null}},{"start":{"line":158,"column":16},"end":{"line":158,"column":null}},{"start":{"line":159,"column":16},"end":{"line":159,"column":null}},{"start":{"line":160,"column":16},"end":{"line":160,"column":null}},{"start":{"line":161,"column":16},"end":{"line":161,"column":null}}],"line":157},"12":{"loc":{"start":{"line":163,"column":20},"end":{"line":163,"column":null}},"type":"cond-expr","locations":[{"start":{"line":163,"column":52},"end":{"line":163,"column":64}},{"start":{"line":163,"column":64},"end":{"line":163,"column":null}}],"line":163},"13":{"loc":{"start":{"line":165,"column":15},"end":{"line":167,"column":null}},"type":"cond-expr","locations":[{"start":{"line":166,"column":18},"end":{"line":166,"column":34}},{"start":{"line":167,"column":18},"end":{"line":167,"column":null}}],"line":165},"14":{"loc":{"start":{"line":172,"column":9},"end":{"line":178,"column":null}},"type":"binary-expr","locations":[{"start":{"line":172,"column":9},"end":{"line":172,"column":33}},{"start":{"line":172,"column":33},"end":{"line":172,"column":null}},{"start":{"line":173,"column":10},"end":{"line":178,"column":null}}],"line":172},"15":{"loc":{"start":{"line":181,"column":9},"end":{"line":187,"column":null}},"type":"binary-expr","locations":[{"start":{"line":181,"column":9},"end":{"line":181,"column":null}},{"start":{"line":182,"column":10},"end":{"line":187,"column":null}}],"line":181},"16":{"loc":{"start":{"line":190,"column":9},"end":{"line":196,"column":null}},"type":"binary-expr","locations":[{"start":{"line":190,"column":9},"end":{"line":190,"column":28}},{"start":{"line":190,"column":28},"end":{"line":190,"column":46}},{"start":{"line":190,"column":46},"end":{"line":190,"column":null}},{"start":{"line":191,"column":10},"end":{"line":196,"column":null}}],"line":190},"17":{"loc":{"start":{"line":213,"column":19},"end":{"line":213,"column":null}},"type":"binary-expr","locations":[{"start":{"line":213,"column":19},"end":{"line":213,"column":37}},{"start":{"line":213,"column":37},"end":{"line":213,"column":null}}],"line":213},"18":{"loc":{"start":{"line":237,"column":19},"end":{"line":237,"column":null}},"type":"binary-expr","locations":[{"start":{"line":237,"column":19},"end":{"line":237,"column":39}},{"start":{"line":237,"column":39},"end":{"line":237,"column":null}}],"line":237}},"s":{"0":1,"1":6,"2":6,"3":6,"4":6,"5":6,"6":6,"7":0,"8":0,"9":6,"10":0,"11":6,"12":0,"13":0,"14":0,"15":0,"16":6,"17":0,"18":6,"19":0,"20":0,"21":0,"22":0,"23":6,"24":24,"25":6,"26":6,"27":6,"28":0,"29":6,"30":0,"31":22},"f":{"0":6,"1":0,"2":0,"3":0,"4":0,"5":0,"6":0,"7":24,"8":0,"9":6,"10":0,"11":22},"b":{"0":[6],"1":[6],"2":[6],"3":[0,0],"4":[0,0],"5":[6,5,4,3,2],"6":[1,5],"7":[1,5],"8":[6,5,5,4,4,3],"9":[0,6],"10":[0,6],"11":[6,5,5,4,4],"12":[0,6],"13":[0,6],"14":[6,0,0],"15":[6,1],"16":[6,1,1,1],"17":[6,6],"18":[6,6]},"meta":{"lastBranch":19,"lastFunction":12,"lastStatement":32,"seen":{"s:20:6:247:Infinity":0,"f:20:6:20:47":0,"b:28:13:28:Infinity":0,"b:29:18:29:Infinity":1,"b:30:26:30:Infinity":2,"s:32:10:32:32":1,"s:33:31:33:73":2,"s:34:29:34:69":3,"s:35:25:35:66":4,"s:36:27:36:70":5,"s:38:8:45:Infinity":6,"f:38:8:38:33":1,"s:39:4:45:Infinity":7,"f:42:6:42:18":2,"s:43:8:43:Infinity":8,"s:48:8:49:Infinity":9,"f:48:8:48:31":3,"s:49:4:49:Infinity":10,"s:52:8:56:Infinity":11,"f:52:8:52:38":4,"b:53:4:56:Infinity:undefined:undefined:undefined:undefined":3,"s:53:4:56:Infinity":12,"s:54:6:54:Infinity":13,"s:55:6:55:Infinity":14,"s:56:6:56:Infinity":15,"s:60:8:61:Infinity":16,"f:60:8:60:29":5,"s:61:4:61:Infinity":17,"s:64:8:68:Infinity":18,"f:64:8:64:36":6,"b:65:4:68:Infinity:undefined:undefined:undefined:undefined":4,"s:65:4:68:Infinity":19,"s:66:6:66:Infinity":20,"s:67:6:67:Infinity":21,"s:68:6:68:Infinity":22,"s:72:27:73:Infinity":23,"f:72:35:72:Infinity":7,"s:73:11:73:46":24,"s:77:25:77:Infinity":25,"s:80:31:80:Infinity":26,"s:82:2:247:Infinity":27,"b:100:16:100:Infinity:101:16:101:Infinity:102:16:102:Infinity:103:16:103:Infinity:104:16:104:Infinity":5,"b:106:56:106:68:106:68:106:Infinity":6,"b:109:18:109:34:110:18:110:Infinity":7,"b:128:16:128:Infinity:129:16:129:Infinity:130:16:130:Infinity:131:16:131:Infinity:132:16:132:Infinity:133:16:133:Infinity":8,"b:135:54:135:66:135:66:135:Infinity":9,"b:138:18:138:34:139:18:139:Infinity":10,"b:157:16:157:Infinity:158:16:158:Infinity:159:16:159:Infinity:160:16:160:Infinity:161:16:161:Infinity":11,"b:163:52:163:64:163:64:163:Infinity":12,"b:166:18:166:34:167:18:167:Infinity":13,"b:172:9:172:33:172:33:172:Infinity:173:10:178:Infinity":14,"b:181:9:181:Infinity:182:10:187:Infinity":15,"b:190:9:190:28:190:28:190:46:190:46:190:Infinity:191:10:196:Infinity":16,"f:205:8:205:24":8,"s:205:24:205:54":28,"b:213:19:213:37:213:37:213:Infinity":17,"f:215:32:215:36":9,"s:215:45:218:15":29,"f:229:8:229:24":10,"s:229:24:229:52":30,"b:237:19:237:39:237:39:237:Infinity":18,"f:239:38:239:42":11,"s:239:50:242:15":31}}}
,"/Users/emrehanci/Desktop/Projects/quiz-arena/src/components/Scoreboard/Scoreboard.tsx": {"path":"/Users/emrehanci/Desktop/Projects/quiz-arena/src/components/Scoreboard/Scoreboard.tsx","statementMap":{"0":{"start":{"line":13,"column":6},"end":{"line":76,"column":null}},"1":{"start":{"line":14,"column":10},"end":{"line":14,"column":32}},"2":{"start":{"line":17,"column":22},"end":{"line":17,"column":66}},"3":{"start":{"line":17,"column":48},"end":{"line":17,"column":66}},"4":{"start":{"line":19,"column":18},"end":{"line":55,"column":null}},"5":{"start":{"line":25,"column":8},"end":{"line":41,"column":null}},"6":{"start":{"line":53,"column":8},"end":{"line":53,"column":null}},"7":{"start":{"line":58,"column":2},"end":{"line":76,"column":null}},"8":{"start":{"line":72,"column":12},"end":{"line":72,"column":null}}},"fnMap":{"0":{"name":"(anonymous_0)","decl":{"start":{"line":13,"column":6},"end":{"line":13,"column":47}},"loc":{"start":{"line":13,"column":76},"end":{"line":76,"column":null}},"line":13},"1":{"name":"(anonymous_1)","decl":{"start":{"line":17,"column":33},"end":{"line":17,"column":39}},"loc":{"start":{"line":17,"column":48},"end":{"line":17,"column":66}},"line":17},"2":{"name":"(anonymous_2)","decl":{"start":{"line":24,"column":6},"end":{"line":24,"column":15}},"loc":{"start":{"line":25,"column":8},"end":{"line":41,"column":null}},"line":25},"3":{"name":"(anonymous_3)","decl":{"start":{"line":52,"column":6},"end":{"line":52,"column":15}},"loc":{"start":{"line":53,"column":8},"end":{"line":53,"column":null}},"line":53},"4":{"name":"(anonymous_4)","decl":{"start":{"line":71,"column":10},"end":{"line":71,"column":25}},"loc":{"start":{"line":72,"column":12},"end":{"line":72,"column":null}},"line":72}},"branchMap":{"0":{"loc":{"start":{"line":26,"column":11},"end":{"line":27,"column":null}},"type":"binary-expr","locations":[{"start":{"line":26,"column":11},"end":{"line":26,"column":47}},{"start":{"line":26,"column":47},"end":{"line":26,"column":null}},{"start":{"line":27,"column":12},"end":{"line":27,"column":null}}],"line":26},"1":{"loc":{"start":{"line":29,"column":11},"end":{"line":30,"column":null}},"type":"binary-expr","locations":[{"start":{"line":29,"column":11},"end":{"line":29,"column":null}},{"start":{"line":30,"column":12},"end":{"line":30,"column":null}}],"line":29},"2":{"loc":{"start":{"line":34,"column":14},"end":{"line":34,"column":null}},"type":"cond-expr","locations":[{"start":{"line":34,"column":44},"end":{"line":34,"column":62}},{"start":{"line":34,"column":62},"end":{"line":34,"column":null}}],"line":34},"3":{"loc":{"start":{"line":39,"column":11},"end":{"line":41,"column":null}},"type":"binary-expr","locations":[{"start":{"line":39,"column":11},"end":{"line":39,"column":null}},{"start":{"line":40,"column":12},"end":{"line":41,"column":null}}],"line":39},"4":{"loc":{"start":{"line":72,"column":12},"end":{"line":72,"column":null}},"type":"cond-expr","locations":[{"start":{"line":72,"column":42},"end":{"line":72,"column":57}},{"start":{"line":72,"column":57},"end":{"line":72,"column":null}}],"line":72}},"s":{"0":1,"1":6,"2":6,"3":5,"4":6,"5":10,"6":10,"7":6,"8":10},"f":{"0":6,"1":5,"2":10,"3":10,"4":10},"b":{"0":[10,5,5],"1":[10,5],"2":[1,9],"3":[10,1],"4":[1,9]},"meta":{"lastBranch":5,"lastFunction":5,"lastStatement":9,"seen":{"s:13:6:76:Infinity":0,"f:13:6:13:47":0,"s:14:10:14:32":1,"s:17:22:17:66":2,"f:17:33:17:39":1,"s:17:48:17:66":3,"s:19:18:55:Infinity":4,"f:24:6:24:15":2,"s:25:8:41:Infinity":5,"b:26:11:26:47:26:47:26:Infinity:27:12:27:Infinity":0,"b:29:11:29:Infinity:30:12:30:Infinity":1,"b:34:44:34:62:34:62:34:Infinity":2,"b:39:11:39:Infinity:40:12:41:Infinity":3,"f:52:6:52:15":3,"s:53:8:53:Infinity":6,"s:58:2:76:Infinity":7,"f:71:10:71:25":4,"s:72:12:72:Infinity":8,"b:72:42:72:57:72:57:72:Infinity":4}}}
,"/Users/emrehanci/Desktop/Projects/quiz-arena/src/components/Timer/Timer.tsx": {"path":"/Users/emrehanci/Desktop/Projects/quiz-arena/src/components/Timer/Timer.tsx","statementMap":{"0":{"start":{"line":13,"column":6},"end":{"line":46,"column":null}},"1":{"start":{"line":14,"column":25},"end":{"line":14,"column":56}},"2":{"start":{"line":16,"column":22},"end":{"line":16,"column":null}},"3":{"start":{"line":17,"column":8},"end":{"line":17,"column":49}},"4":{"start":{"line":20,"column":8},"end":{"line":23,"column":null}},"5":{"start":{"line":21,"column":4},"end":{"line":21,"column":null}},"6":{"start":{"line":21,"column":25},"end":{"line":21,"column":null}},"7":{"start":{"line":22,"column":4},"end":{"line":22,"column":null}},"8":{"start":{"line":22,"column":25},"end":{"line":22,"column":null}},"9":{"start":{"line":23,"column":4},"end":{"line":23,"column":null}},"10":{"start":{"line":26,"column":2},"end":{"line":46,"column":null}},"11":{"start":{"line":35,"column":22},"end":{"line":35,"column":null}}},"fnMap":{"0":{"name":"(anonymous_0)","decl":{"start":{"line":13,"column":6},"end":{"line":13,"column":37}},"loc":{"start":{"line":13,"column":56},"end":{"line":46,"column":null}},"line":13},"1":{"name":"(anonymous_1)","decl":{"start":{"line":20,"column":8},"end":{"line":20,"column":25}},"loc":{"start":{"line":20,"column":25},"end":{"line":23,"column":null}},"line":20},"2":{"name":"(anonymous_2)","decl":{"start":{"line":35,"column":8},"end":{"line":35,"column":22}},"loc":{"start":{"line":35,"column":22},"end":{"line":35,"column":null}},"line":35}},"branchMap":{"0":{"loc":{"start":{"line":13,"column":39},"end":{"line":13,"column":56}},"type":"default-arg","locations":[{"start":{"line":13,"column":46},"end":{"line":13,"column":56}}],"line":13},"1":{"loc":{"start":{"line":21,"column":4},"end":{"line":21,"column":null}},"type":"if","locations":[{"start":{"line":21,"column":4},"end":{"line":21,"column":null}},{"start":{},"end":{}}],"line":21},"2":{"loc":{"start":{"line":22,"column":4},"end":{"line":22,"column":null}},"type":"if","locations":[{"start":{"line":22,"column":4},"end":{"line":22,"column":null}},{"start":{},"end":{}}],"line":22},"3":{"loc":{"start":{"line":38,"column":16},"end":{"line":38,"column":null}},"type":"cond-expr","locations":[{"start":{"line":38,"column":27},"end":{"line":38,"column":41}},{"start":{"line":38,"column":41},"end":{"line":38,"column":null}}],"line":38},"4":{"loc":{"start":{"line":40,"column":7},"end":{"line":46,"column":null}},"type":"binary-expr","locations":[{"start":{"line":40,"column":7},"end":{"line":40,"column":null}},{"start":{"line":41,"column":8},"end":{"line":46,"column":null}}],"line":40}},"s":{"0":1,"1":3,"2":3,"3":3,"4":3,"5":3,"6":3,"7":0,"8":0,"9":0,"10":3,"11":3},"f":{"0":3,"1":3,"2":3},"b":{"0":[3],"1":[3,0],"2":[0,0],"3":[0,3],"4":[3,0]},"meta":{"lastBranch":5,"lastFunction":3,"lastStatement":12,"seen":{"s:13:6:46:Infinity":0,"f:13:6:13:37":0,"b:13:46:13:56":0,"s:14:25:14:56":1,"s:16:22:16:Infinity":2,"s:17:8:17:49":3,"s:20:8:23:Infinity":4,"f:20:8:20:25":1,"b:21:4:21:Infinity:undefined:undefined:undefined:undefined":1,"s:21:4:21:Infinity":5,"s:21:25:21:Infinity":6,"b:22:4:22:Infinity:undefined:undefined:undefined:undefined":2,"s:22:4:22:Infinity":7,"s:22:25:22:Infinity":8,"s:23:4:23:Infinity":9,"s:26:2:46:Infinity":10,"f:35:8:35:22":2,"s:35:22:35:Infinity":11,"b:38:27:38:41:38:41:38:Infinity":3,"b:40:7:40:Infinity:41:8:46:Infinity":4}}}
,"/Users/emrehanci/Desktop/Projects/quiz-arena/src/constants/index.ts": {"path":"/Users/emrehanci/Desktop/Projects/quiz-arena/src/constants/index.ts","statementMap":{"0":{"start":{"line":2,"column":33},"end":{"line":2,"column":null}},"1":{"start":{"line":3,"column":39},"end":{"line":3,"column":null}},"2":{"start":{"line":4,"column":34},"end":{"line":4,"column":null}},"3":{"start":{"line":5,"column":32},"end":{"line":5,"column":null}},"4":{"start":{"line":6,"column":28},"end":{"line":6,"column":null}},"5":{"start":{"line":7,"column":28},"end":{"line":7,"column":null}},"6":{"start":{"line":10,"column":42},"end":{"line":10,"column":null}},"7":{"start":{"line":11,"column":36},"end":{"line":11,"column":null}},"8":{"start":{"line":14,"column":34},"end":{"line":19,"column":null}},"9":{"start":{"line":22,"column":27},"end":{"line":22,"column":null}},"10":{"start":{"line":25,"column":32},"end":{"line":25,"column":null}},"11":{"start":{"line":28,"column":35},"end":{"line":28,"column":null}}},"fnMap":{},"branchMap":{},"s":{"0":5,"1":5,"2":5,"3":5,"4":5,"5":5,"6":5,"7":5,"8":5,"9":5,"10":5,"11":5},"f":{},"b":{},"meta":{"lastBranch":0,"lastFunction":0,"lastStatement":12,"seen":{"s:2:33:2:Infinity":0,"s:3:39:3:Infinity":1,"s:4:34:4:Infinity":2,"s:5:32:5:Infinity":3,"s:6:28:6:Infinity":4,"s:7:28:7:Infinity":5,"s:10:42:10:Infinity":6,"s:11:36:11:Infinity":7,"s:14:34:19:Infinity":8,"s:22:27:22:Infinity":9,"s:25:32:25:Infinity":10,"s:28:35:28:Infinity":11}}}
,"/Users/emrehanci/Desktop/Projects/quiz-arena/src/hooks/useAppStore.ts": {"path":"/Users/emrehanci/Desktop/Projects/quiz-arena/src/hooks/useAppStore.ts","statementMap":{"0":{"start":{"line":5,"column":30},"end":{"line":5,"column":66}},"1":{"start":{"line":6,"column":30},"end":{"line":6,"column":64}}},"fnMap":{},"branchMap":{},"s":{"0":2,"1":2},"f":{},"b":{},"meta":{"lastBranch":0,"lastFunction":0,"lastStatement":2,"seen":{"s:5:30:5:66":0,"s:6:30:6:64":1}}}
,"/Users/emrehanci/Desktop/Projects/quiz-arena/src/hooks/useQuestionTimer.ts": {"path":"/Users/emrehanci/Desktop/Projects/quiz-arena/src/hooks/useQuestionTimer.ts","statementMap":{"0":{"start":{"line":8,"column":13},"end":{"line":45,"column":null}},"1":{"start":{"line":9,"column":8},"end":{"line":9,"column":35}},"2":{"start":{"line":10,"column":8},"end":{"line":10,"column":75}},"3":{"start":{"line":10,"column":49},"end":{"line":10,"column":75}},"4":{"start":{"line":11,"column":8},"end":{"line":11,"column":49}},"5":{"start":{"line":13,"column":2},"end":{"line":40,"column":null}},"6":{"start":{"line":14,"column":4},"end":{"line":20,"column":null}},"7":{"start":{"line":16,"column":6},"end":{"line":18,"column":null}},"8":{"start":{"line":17,"column":8},"end":{"line":17,"column":null}},"9":{"start":{"line":18,"column":8},"end":{"line":18,"column":null}},"10":{"start":{"line":20,"column":6},"end":{"line":20,"column":null}},"11":{"start":{"line":24,"column":4},"end":{"line":25,"column":null}},"12":{"start":{"line":25,"column":6},"end":{"line":25,"column":null}},"13":{"start":{"line":29,"column":4},"end":{"line":31,"column":null}},"14":{"start":{"line":30,"column":6},"end":{"line":30,"column":null}},"15":{"start":{"line":34,"column":4},"end":{"line":37,"column":null}},"16":{"start":{"line":35,"column":6},"end":{"line":37,"column":null}},"17":{"start":{"line":36,"column":8},"end":{"line":36,"column":null}},"18":{"start":{"line":37,"column":8},"end":{"line":37,"column":null}},"19":{"start":{"line":42,"column":2},"end":{"line":45,"column":null}}},"fnMap":{"0":{"name":"(anonymous_0)","decl":{"start":{"line":8,"column":13},"end":{"line":8,"column":38}},"loc":{"start":{"line":8,"column":38},"end":{"line":45,"column":null}},"line":8},"1":{"name":"(anonymous_1)","decl":{"start":{"line":10,"column":25},"end":{"line":10,"column":40}},"loc":{"start":{"line":10,"column":49},"end":{"line":10,"column":75}},"line":10},"2":{"name":"(anonymous_2)","decl":{"start":{"line":13,"column":2},"end":{"line":13,"column":18}},"loc":{"start":{"line":13,"column":18},"end":{"line":40,"column":6}},"line":13},"3":{"name":"(anonymous_3)","decl":{"start":{"line":29,"column":33},"end":{"line":29,"column":51}},"loc":{"start":{"line":29,"column":51},"end":{"line":31,"column":11}},"line":29},"4":{"name":"(anonymous_4)","decl":{"start":{"line":34,"column":4},"end":{"line":34,"column":17}},"loc":{"start":{"line":34,"column":17},"end":{"line":37,"column":null}},"line":34}},"branchMap":{"0":{"loc":{"start":{"line":14,"column":4},"end":{"line":20,"column":null}},"type":"if","locations":[{"start":{"line":14,"column":4},"end":{"line":20,"column":null}},{"start":{},"end":{}}],"line":14},"1":{"loc":{"start":{"line":14,"column":8},"end":{"line":14,"column":55}},"type":"binary-expr","locations":[{"start":{"line":14,"column":8},"end":{"line":14,"column":27}},{"start":{"line":14,"column":27},"end":{"line":14,"column":55}}],"line":14},"2":{"loc":{"start":{"line":16,"column":6},"end":{"line":18,"column":null}},"type":"if","locations":[{"start":{"line":16,"column":6},"end":{"line":18,"column":null}},{"start":{},"end":{}}],"line":16},"3":{"loc":{"start":{"line":24,"column":4},"end":{"line":25,"column":null}},"type":"if","locations":[{"start":{"line":24,"column":4},"end":{"line":25,"column":null}},{"start":{},"end":{}}],"line":24},"4":{"loc":{"start":{"line":30,"column":48},"end":{"line":30,"column":85}},"type":"binary-expr","locations":[{"start":{"line":30,"column":48},"end":{"line":30,"column":80}},{"start":{"line":30,"column":80},"end":{"line":30,"column":85}}],"line":30},"5":{"loc":{"start":{"line":35,"column":6},"end":{"line":37,"column":null}},"type":"if","locations":[{"start":{"line":35,"column":6},"end":{"line":37,"column":null}},{"start":{},"end":{}}],"line":35},"6":{"loc":{"start":{"line":43,"column":19},"end":{"line":43,"column":null}},"type":"binary-expr","locations":[{"start":{"line":43,"column":19},"end":{"line":43,"column":52}},{"start":{"line":43,"column":52},"end":{"line":43,"column":null}}],"line":43},"7":{"loc":{"start":{"line":44,"column":14},"end":{"line":44,"column":null}},"type":"binary-expr","locations":[{"start":{"line":44,"column":14},"end":{"line":44,"column":45}},{"start":{"line":44,"column":45},"end":{"line":44,"column":null}}],"line":44}},"s":{"0":2,"1":7,"2":7,"3":14,"4":7,"5":7,"6":7,"7":2,"8":0,"9":0,"10":2,"11":5,"12":0,"13":5,"14":0,"15":5,"16":5,"17":5,"18":5,"19":7},"f":{"0":7,"1":14,"2":7,"3":0,"4":5},"b":{"0":[2,5],"1":[7,6],"2":[0,2],"3":[0,5],"4":[0,0],"5":[5,0],"6":[7,1],"7":[7,6]},"meta":{"lastBranch":8,"lastFunction":5,"lastStatement":20,"seen":{"s:8:13:45:Infinity":0,"f:8:13:8:38":0,"s:9:8:9:35":1,"s:10:8:10:75":2,"f:10:25:10:40":1,"s:10:49:10:75":3,"s:11:8:11:49":4,"s:13:2:40:Infinity":5,"f:13:2:13:18":2,"b:14:4:20:Infinity:undefined:undefined:undefined:undefined":0,"s:14:4:20:Infinity":6,"b:14:8:14:27:14:27:14:55":1,"b:16:6:18:Infinity:undefined:undefined:undefined:undefined":2,"s:16:6:18:Infinity":7,"s:17:8:17:Infinity":8,"s:18:8:18:Infinity":9,"s:20:6:20:Infinity":10,"b:24:4:25:Infinity:undefined:undefined:undefined:undefined":3,"s:24:4:25:Infinity":11,"s:25:6:25:Infinity":12,"s:29:4:31:Infinity":13,"f:29:33:29:51":3,"s:30:6:30:Infinity":14,"b:30:48:30:80:30:80:30:85":4,"s:34:4:37:Infinity":15,"f:34:4:34:17":4,"b:35:6:37:Infinity:undefined:undefined:undefined:undefined":5,"s:35:6:37:Infinity":16,"s:36:8:36:Infinity":17,"s:37:8:37:Infinity":18,"s:42:2:45:Infinity":19,"b:43:19:43:52:43:52:43:Infinity":6,"b:44:14:44:45:44:45:44:Infinity":7}}}
,"/Users/emrehanci/Desktop/Projects/quiz-arena/src/services/gameLogic.ts": {"path":"/Users/emrehanci/Desktop/Projects/quiz-arena/src/services/gameLogic.ts","statementMap":{"0":{"start":{"line":24,"column":4},"end":{"line":24,"column":null}},"1":{"start":{"line":31,"column":4},"end":{"line":31,"column":null}},"2":{"start":{"line":44,"column":21},"end":{"line":44,"column":66}},"3":{"start":{"line":44,"column":46},"end":{"line":44,"column":66}},"4":{"start":{"line":45,"column":4},"end":{"line":45,"column":null}},"5":{"start":{"line":45,"column":19},"end":{"line":45,"column":null}},"6":{"start":{"line":47,"column":22},"end":{"line":47,"column":null}},"7":{"start":{"line":48,"column":4},"end":{"line":48,"column":null}},"8":{"start":{"line":48,"column":46},"end":{"line":48,"column":null}},"9":{"start":{"line":51,"column":29},"end":{"line":51,"column":69}},"10":{"start":{"line":52,"column":31},"end":{"line":56,"column":null}},"11":{"start":{"line":53,"column":6},"end":{"line":55,"column":null}},"12":{"start":{"line":54,"column":16},"end":{"line":54,"column":null}},"13":{"start":{"line":58,"column":4},"end":{"line":58,"column":null}},"14":{"start":{"line":58,"column":41},"end":{"line":58,"column":null}},"15":{"start":{"line":60,"column":4},"end":{"line":60,"column":null}},"16":{"start":{"line":72,"column":20},"end":{"line":72,"column":60}},"17":{"start":{"line":73,"column":4},"end":{"line":73,"column":null}},"18":{"start":{"line":73,"column":30},"end":{"line":73,"column":79}},"19":{"start":{"line":80,"column":25},"end":{"line":82,"column":57}},"20":{"start":{"line":81,"column":21},"end":{"line":81,"column":57}},"21":{"start":{"line":82,"column":21},"end":{"line":82,"column":56}},"22":{"start":{"line":84,"column":4},"end":{"line":84,"column":null}},"23":{"start":{"line":84,"column":33},"end":{"line":84,"column":null}},"24":{"start":{"line":87,"column":21},"end":{"line":87,"column":70}},"25":{"start":{"line":87,"column":50},"end":{"line":87,"column":70}},"26":{"start":{"line":88,"column":24},"end":{"line":88,"column":44}},"27":{"start":{"line":90,"column":4},"end":{"line":90,"column":null}},"28":{"start":{"line":90,"column":60},"end":{"line":90,"column":67}},"29":{"start":{"line":97,"column":4},"end":{"line":101,"column":null}},"30":{"start":{"line":108,"column":4},"end":{"line":113,"column":null}},"31":{"start":{"line":109,"column":6},"end":{"line":113,"column":null}},"32":{"start":{"line":115,"column":4},"end":{"line":118,"column":null}},"33":{"start":{"line":125,"column":4},"end":{"line":128,"column":null}},"34":{"start":{"line":139,"column":28},"end":{"line":142,"column":7}},"35":{"start":{"line":139,"column":51},"end":{"line":142,"column":7}},"36":{"start":{"line":145,"column":4},"end":{"line":145,"column":null}},"37":{"start":{"line":145,"column":35},"end":{"line":145,"column":63}},"38":{"start":{"line":148,"column":80},"end":{"line":148,"column":82}},"39":{"start":{"line":149,"column":22},"end":{"line":149,"column":null}},"40":{"start":{"line":150,"column":29},"end":{"line":150,"column":null}},"41":{"start":{"line":151,"column":28},"end":{"line":151,"column":null}},"42":{"start":{"line":153,"column":4},"end":{"line":168,"column":null}},"43":{"start":{"line":154,"column":6},"end":{"line":158,"column":null}},"44":{"start":{"line":155,"column":8},"end":{"line":155,"column":null}},"45":{"start":{"line":156,"column":8},"end":{"line":156,"column":null}},"46":{"start":{"line":158,"column":8},"end":{"line":158,"column":null}},"47":{"start":{"line":161,"column":6},"end":{"line":165,"column":null}},"48":{"start":{"line":167,"column":6},"end":{"line":167,"column":null}},"49":{"start":{"line":170,"column":4},"end":{"line":170,"column":null}},"50":{"start":{"line":177,"column":4},"end":{"line":178,"column":null}},"51":{"start":{"line":178,"column":6},"end":{"line":178,"column":null}},"52":{"start":{"line":180,"column":4},"end":{"line":180,"column":null}},"53":{"start":{"line":190,"column":4},"end":{"line":199,"column":null}},"54":{"start":{"line":191,"column":22},"end":{"line":191,"column":62}},"55":{"start":{"line":191,"column":41},"end":{"line":191,"column":62}},"56":{"start":{"line":192,"column":6},"end":{"line":192,"column":null}},"57":{"start":{"line":192,"column":20},"end":{"line":192,"column":null}},"58":{"start":{"line":194,"column":21},"end":{"line":194,"column":59}},"59":{"start":{"line":195,"column":6},"end":{"line":198,"column":null}},"60":{"start":{"line":210,"column":27},"end":{"line":212,"column":9}},"61":{"start":{"line":211,"column":6},"end":{"line":211,"column":null}},"62":{"start":{"line":211,"column":83},"end":{"line":211,"column":115}},"63":{"start":{"line":214,"column":31},"end":{"line":214,"column":48}},"64":{"start":{"line":215,"column":4},"end":{"line":217,"column":null}},"65":{"start":{"line":216,"column":6},"end":{"line":216,"column":null}},"66":{"start":{"line":219,"column":4},"end":{"line":219,"column":null}},"67":{"start":{"line":226,"column":4},"end":{"line":226,"column":null}},"68":{"start":{"line":226,"column":28},"end":{"line":226,"column":null}},"69":{"start":{"line":228,"column":21},"end":{"line":228,"column":57}},"70":{"start":{"line":228,"column":48},"end":{"line":228,"column":56}},"71":{"start":{"line":229,"column":4},"end":{"line":229,"column":null}},"72":{"start":{"line":229,"column":29},"end":{"line":229,"column":50}},"73":{"start":{"line":236,"column":4},"end":{"line":236,"column":null}},"74":{"start":{"line":248,"column":4},"end":{"line":264,"column":null}},"75":{"start":{"line":249,"column":6},"end":{"line":254,"column":null}},"76":{"start":{"line":250,"column":8},"end":{"line":254,"column":null}},"77":{"start":{"line":256,"column":6},"end":{"line":261,"column":null}},"78":{"start":{"line":257,"column":8},"end":{"line":261,"column":null}},"79":{"start":{"line":263,"column":6},"end":{"line":263,"column":null}},"80":{"start":{"line":276,"column":4},"end":{"line":291,"column":null}},"81":{"start":{"line":277,"column":6},"end":{"line":281,"column":null}},"82":{"start":{"line":278,"column":8},"end":{"line":281,"column":null}},"83":{"start":{"line":283,"column":6},"end":{"line":288,"column":null}},"84":{"start":{"line":284,"column":8},"end":{"line":288,"column":null}},"85":{"start":{"line":290,"column":6},"end":{"line":290,"column":null}}},"fnMap":{"0":{"name":"(anonymous_0)","decl":{"start":{"line":23,"column":9},"end":{"line":23,"column":25}},"loc":{"start":{"line":23,"column":46},"end":{"line":24,"column":null}},"line":23},"1":{"name":"(anonymous_1)","decl":{"start":{"line":30,"column":9},"end":{"line":30,"column":29}},"loc":{"start":{"line":30,"column":61},"end":{"line":31,"column":null}},"line":30},"2":{"name":"(anonymous_2)","decl":{"start":{"line":37,"column":9},"end":{"line":37,"column":null}},"loc":{"start":{"line":43,"column":21},"end":{"line":60,"column":null}},"line":43},"3":{"name":"(anonymous_3)","decl":{"start":{"line":44,"column":36},"end":{"line":44,"column":41}},"loc":{"start":{"line":44,"column":46},"end":{"line":44,"column":66}},"line":44},"4":{"name":"(anonymous_4)","decl":{"start":{"line":52,"column":41},"end":{"line":52,"column":48}},"loc":{"start":{"line":52,"column":53},"end":{"line":56,"column":null}},"line":52},"5":{"name":"(anonymous_5)","decl":{"start":{"line":53,"column":31},"end":{"line":53,"column":null}},"loc":{"start":{"line":54,"column":16},"end":{"line":54,"column":null}},"line":54},"6":{"name":"(anonymous_6)","decl":{"start":{"line":66,"column":9},"end":{"line":66,"column":null}},"loc":{"start":{"line":71,"column":13},"end":{"line":73,"column":null}},"line":71},"7":{"name":"(anonymous_7)","decl":{"start":{"line":73,"column":20},"end":{"line":73,"column":25}},"loc":{"start":{"line":73,"column":30},"end":{"line":73,"column":79}},"line":73},"8":{"name":"(anonymous_8)","decl":{"start":{"line":79,"column":9},"end":{"line":79,"column":25}},"loc":{"start":{"line":79,"column":84},"end":{"line":90,"column":null}},"line":79},"9":{"name":"(anonymous_9)","decl":{"start":{"line":81,"column":7},"end":{"line":81,"column":14}},"loc":{"start":{"line":81,"column":21},"end":{"line":81,"column":57}},"line":81},"10":{"name":"(anonymous_10)","decl":{"start":{"line":82,"column":7},"end":{"line":82,"column":14}},"loc":{"start":{"line":82,"column":21},"end":{"line":82,"column":56}},"line":82},"11":{"name":"(anonymous_11)","decl":{"start":{"line":87,"column":39},"end":{"line":87,"column":50}},"loc":{"start":{"line":87,"column":50},"end":{"line":87,"column":70}},"line":87},"12":{"name":"(anonymous_12)","decl":{"start":{"line":90,"column":49},"end":{"line":90,"column":53}},"loc":{"start":{"line":90,"column":60},"end":{"line":90,"column":67}},"line":90},"13":{"name":"(anonymous_13)","decl":{"start":{"line":96,"column":9},"end":{"line":96,"column":29}},"loc":{"start":{"line":96,"column":63},"end":{"line":101,"column":null}},"line":96},"14":{"name":"(anonymous_14)","decl":{"start":{"line":107,"column":9},"end":{"line":107,"column":27}},"loc":{"start":{"line":107,"column":82},"end":{"line":118,"column":null}},"line":107},"15":{"name":"(anonymous_15)","decl":{"start":{"line":124,"column":9},"end":{"line":124,"column":31}},"loc":{"start":{"line":124,"column":49},"end":{"line":128,"column":null}},"line":124},"16":{"name":"(anonymous_16)","decl":{"start":{"line":134,"column":9},"end":{"line":134,"column":null}},"loc":{"start":{"line":137,"column":65},"end":{"line":170,"column":null}},"line":137},"17":{"name":"(anonymous_17)","decl":{"start":{"line":139,"column":36},"end":{"line":139,"column":40}},"loc":{"start":{"line":139,"column":51},"end":{"line":142,"column":7}},"line":139},"18":{"name":"(anonymous_18)","decl":{"start":{"line":145,"column":20},"end":{"line":145,"column":26}},"loc":{"start":{"line":145,"column":35},"end":{"line":145,"column":63}},"line":145},"19":{"name":"(anonymous_19)","decl":{"start":{"line":153,"column":20},"end":{"line":153,"column":29}},"loc":{"start":{"line":153,"column":45},"end":{"line":168,"column":null}},"line":153},"20":{"name":"(anonymous_20)","decl":{"start":{"line":176,"column":9},"end":{"line":176,"column":29}},"loc":{"start":{"line":176,"column":51},"end":{"line":180,"column":null}},"line":176},"21":{"name":"(anonymous_21)","decl":{"start":{"line":186,"column":9},"end":{"line":186,"column":null}},"loc":{"start":{"line":189,"column":12},"end":{"line":199,"column":null}},"line":189},"22":{"name":"(anonymous_22)","decl":{"start":{"line":190,"column":17},"end":{"line":190,"column":21}},"loc":{"start":{"line":190,"column":29},"end":{"line":199,"column":null}},"line":190},"23":{"name":"(anonymous_23)","decl":{"start":{"line":191,"column":31},"end":{"line":191,"column":36}},"loc":{"start":{"line":191,"column":41},"end":{"line":191,"column":62}},"line":191},"24":{"name":"(anonymous_24)","decl":{"start":{"line":205,"column":9},"end":{"line":205,"column":null}},"loc":{"start":{"line":209,"column":13},"end":{"line":219,"column":null}},"line":209},"25":{"name":"(anonymous_25)","decl":{"start":{"line":210,"column":42},"end":{"line":210,"column":50}},"loc":{"start":{"line":210,"column":70},"end":{"line":212,"column":9}},"line":210},"26":{"name":"(anonymous_26)","decl":{"start":{"line":211,"column":62},"end":{"line":211,"column":70}},"loc":{"start":{"line":211,"column":83},"end":{"line":211,"column":115}},"line":211},"27":{"name":"(anonymous_27)","decl":{"start":{"line":215,"column":45},"end":{"line":215,"column":53}},"loc":{"start":{"line":215,"column":58},"end":{"line":217,"column":null}},"line":215},"28":{"name":"(anonymous_28)","decl":{"start":{"line":225,"column":9},"end":{"line":225,"column":20}},"loc":{"start":{"line":225,"column":43},"end":{"line":229,"column":null}},"line":225},"29":{"name":"(anonymous_29)","decl":{"start":{"line":228,"column":39},"end":{"line":228,"column":43}},"loc":{"start":{"line":228,"column":48},"end":{"line":228,"column":56}},"line":228},"30":{"name":"(anonymous_30)","decl":{"start":{"line":229,"column":17},"end":{"line":229,"column":24}},"loc":{"start":{"line":229,"column":29},"end":{"line":229,"column":50}},"line":229},"31":{"name":"(anonymous_31)","decl":{"start":{"line":235,"column":9},"end":{"line":235,"column":27}},"loc":{"start":{"line":235,"column":99},"end":{"line":236,"column":null}},"line":235},"32":{"name":"(anonymous_32)","decl":{"start":{"line":242,"column":9},"end":{"line":242,"column":null}},"loc":{"start":{"line":247,"column":12},"end":{"line":264,"column":null}},"line":247},"33":{"name":"(anonymous_33)","decl":{"start":{"line":248,"column":17},"end":{"line":248,"column":21}},"loc":{"start":{"line":248,"column":29},"end":{"line":264,"column":null}},"line":248},"34":{"name":"(anonymous_34)","decl":{"start":{"line":270,"column":9},"end":{"line":270,"column":null}},"loc":{"start":{"line":275,"column":12},"end":{"line":291,"column":null}},"line":275},"35":{"name":"(anonymous_35)","decl":{"start":{"line":276,"column":17},"end":{"line":276,"column":21}},"loc":{"start":{"line":276,"column":29},"end":{"line":291,"column":null}},"line":276}},"branchMap":{"0":{"loc":{"start":{"line":45,"column":4},"end":{"line":45,"column":null}},"type":"if","locations":[{"start":{"line":45,"column":4},"end":{"line":45,"column":null}},{"start":{},"end":{}}],"line":45},"1":{"loc":{"start":{"line":48,"column":4},"end":{"line":48,"column":null}},"type":"if","locations":[{"start":{"line":48,"column":4},"end":{"line":48,"column":null}},{"start":{},"end":{}}],"line":48},"2":{"loc":{"start":{"line":48,"column":8},"end":{"line":48,"column":46}},"type":"binary-expr","locations":[{"start":{"line":48,"column":8},"end":{"line":48,"column":22}},{"start":{"line":48,"column":22},"end":{"line":48,"column":46}}],"line":48},"3":{"loc":{"start":{"line":54,"column":16},"end":{"line":54,"column":null}},"type":"binary-expr","locations":[{"start":{"line":54,"column":16},"end":{"line":54,"column":50}},{"start":{"line":54,"column":50},"end":{"line":54,"column":74}},{"start":{"line":54,"column":74},"end":{"line":54,"column":null}}],"line":54},"4":{"loc":{"start":{"line":58,"column":4},"end":{"line":58,"column":null}},"type":"if","locations":[{"start":{"line":58,"column":4},"end":{"line":58,"column":null}},{"start":{},"end":{}}],"line":58},"5":{"loc":{"start":{"line":73,"column":30},"end":{"line":73,"column":79}},"type":"binary-expr","locations":[{"start":{"line":73,"column":30},"end":{"line":73,"column":61}},{"start":{"line":73,"column":61},"end":{"line":73,"column":79}}],"line":73},"6":{"loc":{"start":{"line":84,"column":4},"end":{"line":84,"column":null}},"type":"if","locations":[{"start":{"line":84,"column":4},"end":{"line":84,"column":null}},{"start":{},"end":{}}],"line":84},"7":{"loc":{"start":{"line":108,"column":4},"end":{"line":113,"column":null}},"type":"if","locations":[{"start":{"line":108,"column":4},"end":{"line":113,"column":null}},{"start":{},"end":{}}],"line":108},"8":{"loc":{"start":{"line":154,"column":6},"end":{"line":158,"column":null}},"type":"if","locations":[{"start":{"line":154,"column":6},"end":{"line":158,"column":null}},{"start":{"line":157,"column":13},"end":{"line":158,"column":null}}],"line":154},"9":{"loc":{"start":{"line":177,"column":4},"end":{"line":178,"column":null}},"type":"if","locations":[{"start":{"line":177,"column":4},"end":{"line":178,"column":null}},{"start":{},"end":{}}],"line":177},"10":{"loc":{"start":{"line":192,"column":6},"end":{"line":192,"column":null}},"type":"if","locations":[{"start":{"line":192,"column":6},"end":{"line":192,"column":null}},{"start":{},"end":{}}],"line":192},"11":{"loc":{"start":{"line":211,"column":90},"end":{"line":211,"column":115}},"type":"cond-expr","locations":[{"start":{"line":211,"column":107},"end":{"line":211,"column":111}},{"start":{"line":211,"column":111},"end":{"line":211,"column":115}}],"line":211},"12":{"loc":{"start":{"line":226,"column":4},"end":{"line":226,"column":null}},"type":"if","locations":[{"start":{"line":226,"column":4},"end":{"line":226,"column":null}},{"start":{},"end":{}}],"line":226},"13":{"loc":{"start":{"line":249,"column":6},"end":{"line":254,"column":null}},"type":"if","locations":[{"start":{"line":249,"column":6},"end":{"line":254,"column":null}},{"start":{},"end":{}}],"line":249},"14":{"loc":{"start":{"line":256,"column":6},"end":{"line":261,"column":null}},"type":"if","locations":[{"start":{"line":256,"column":6},"end":{"line":261,"column":null}},{"start":{},"end":{}}],"line":256},"15":{"loc":{"start":{"line":277,"column":6},"end":{"line":281,"column":null}},"type":"if","locations":[{"start":{"line":277,"column":6},"end":{"line":281,"column":null}},{"start":{},"end":{}}],"line":277},"16":{"loc":{"start":{"line":283,"column":6},"end":{"line":288,"column":null}},"type":"if","locations":[{"start":{"line":283,"column":6},"end":{"line":288,"column":null}},{"start":{},"end":{}}],"line":283}},"s":{"0":3,"1":0,"2":4,"3":13,"4":4,"5":1,"6":3,"7":3,"8":0,"9":3,"10":3,"11":3,"12":2,"13":3,"14":2,"15":1,"16":0,"17":0,"18":0,"19":4,"20":14,"21":10,"22":4,"23":2,"24":2,"25":3,"26":2,"27":2,"28":4,"29":2,"30":0,"31":0,"32":0,"33":1,"34":2,"35":6,"36":2,"37":4,"38":2,"39":2,"40":2,"41":2,"42":2,"43":6,"44":5,"45":5,"46":1,"47":6,"48":6,"49":2,"50":7,"51":6,"52":1,"53":1,"54":2,"55":3,"56":2,"57":0,"58":2,"59":2,"60":3,"61":30,"62":150,"63":3,"64":3,"65":100,"66":3,"67":3,"68":1,"69":2,"70":4,"71":2,"72":4,"73":3,"74":1,"75":2,"76":1,"77":1,"78":1,"79":0,"80":1,"81":2,"82":1,"83":1,"84":1,"85":0},"f":{"0":1,"1":1,"2":1,"3":13,"4":3,"5":2,"6":1,"7":0,"8":1,"9":14,"10":10,"11":3,"12":4,"13":1,"14":1,"15":1,"16":1,"17":6,"18":4,"19":6,"20":1,"21":1,"22":2,"23":3,"24":1,"25":30,"26":150,"27":100,"28":1,"29":4,"30":4,"31":1,"32":1,"33":2,"34":1,"35":2},"b":{"0":[1,3],"1":[0,3],"2":[3,3],"3":[2,2,2],"4":[2,1],"5":[0,0],"6":[2,2],"7":[0,0],"8":[5,1],"9":[6,1],"10":[0,2],"11":[150,0],"12":[1,2],"13":[1,1],"14":[1,0],"15":[1,1],"16":[1,0]},"meta":{"lastBranch":17,"lastFunction":36,"lastStatement":86,"seen":{"f:23:9:23:25":0,"s:24:4:24:Infinity":0,"f:30:9:30:29":1,"s:31:4:31:Infinity":1,"f:37:9:37:Infinity":2,"s:44:21:44:66":2,"f:44:36:44:41":3,"s:44:46:44:66":3,"b:45:4:45:Infinity:undefined:undefined:undefined:undefined":0,"s:45:4:45:Infinity":4,"s:45:19:45:Infinity":5,"s:47:22:47:Infinity":6,"b:48:4:48:Infinity:undefined:undefined:undefined:undefined":1,"s:48:4:48:Infinity":7,"b:48:8:48:22:48:22:48:46":2,"s:48:46:48:Infinity":8,"s:51:29:51:69":9,"s:52:31:56:Infinity":10,"f:52:41:52:48":4,"s:53:6:55:Infinity":11,"f:53:31:53:Infinity":5,"s:54:16:54:Infinity":12,"b:54:16:54:50:54:50:54:74:54:74:54:Infinity":3,"b:58:4:58:Infinity:undefined:undefined:undefined:undefined":4,"s:58:4:58:Infinity":13,"s:58:41:58:Infinity":14,"s:60:4:60:Infinity":15,"f:66:9:66:Infinity":6,"s:72:20:72:60":16,"s:73:4:73:Infinity":17,"f:73:20:73:25":7,"s:73:30:73:79":18,"b:73:30:73:61:73:61:73:79":5,"f:79:9:79:25":8,"s:80:25:82:57":19,"f:81:7:81:14":9,"s:81:21:81:57":20,"f:82:7:82:14":10,"s:82:21:82:56":21,"b:84:4:84:Infinity:undefined:undefined:undefined:undefined":6,"s:84:4:84:Infinity":22,"s:84:33:84:Infinity":23,"s:87:21:87:70":24,"f:87:39:87:50":11,"s:87:50:87:70":25,"s:88:24:88:44":26,"s:90:4:90:Infinity":27,"f:90:49:90:53":12,"s:90:60:90:67":28,"f:96:9:96:29":13,"s:97:4:101:Infinity":29,"f:107:9:107:27":14,"b:108:4:113:Infinity:undefined:undefined:undefined:undefined":7,"s:108:4:113:Infinity":30,"s:109:6:113:Infinity":31,"s:115:4:118:Infinity":32,"f:124:9:124:31":15,"s:125:4:128:Infinity":33,"f:134:9:134:Infinity":16,"s:139:28:142:7":34,"f:139:36:139:40":17,"s:139:51:142:7":35,"s:145:4:145:Infinity":36,"f:145:20:145:26":18,"s:145:35:145:63":37,"s:148:80:148:82":38,"s:149:22:149:Infinity":39,"s:150:29:150:Infinity":40,"s:151:28:151:Infinity":41,"s:153:4:168:Infinity":42,"f:153:20:153:29":19,"b:154:6:158:Infinity:157:13:158:Infinity":8,"s:154:6:158:Infinity":43,"s:155:8:155:Infinity":44,"s:156:8:156:Infinity":45,"s:158:8:158:Infinity":46,"s:161:6:165:Infinity":47,"s:167:6:167:Infinity":48,"s:170:4:170:Infinity":49,"f:176:9:176:29":20,"b:177:4:178:Infinity:undefined:undefined:undefined:undefined":9,"s:177:4:178:Infinity":50,"s:178:6:178:Infinity":51,"s:180:4:180:Infinity":52,"f:186:9:186:Infinity":21,"s:190:4:199:Infinity":53,"f:190:17:190:21":22,"s:191:22:191:62":54,"f:191:31:191:36":23,"s:191:41:191:62":55,"b:192:6:192:Infinity:undefined:undefined:undefined:undefined":10,"s:192:6:192:Infinity":56,"s:192:20:192:Infinity":57,"s:194:21:194:59":58,"s:195:6:198:Infinity":59,"f:205:9:205:Infinity":24,"s:210:27:212:9":60,"f:210:42:210:50":25,"s:211:6:211:Infinity":61,"f:211:62:211:70":26,"s:211:83:211:115":62,"b:211:107:211:111:211:111:211:115":11,"s:214:31:214:48":63,"s:215:4:217:Infinity":64,"f:215:45:215:53":27,"s:216:6:216:Infinity":65,"s:219:4:219:Infinity":66,"f:225:9:225:20":28,"b:226:4:226:Infinity:undefined:undefined:undefined:undefined":12,"s:226:4:226:Infinity":67,"s:226:28:226:Infinity":68,"s:228:21:228:57":69,"f:228:39:228:43":29,"s:228:48:228:56":70,"s:229:4:229:Infinity":71,"f:229:17:229:24":30,"s:229:29:229:50":72,"f:235:9:235:27":31,"s:236:4:236:Infinity":73,"f:242:9:242:Infinity":32,"s:248:4:264:Infinity":74,"f:248:17:248:21":33,"b:249:6:254:Infinity:undefined:undefined:undefined:undefined":13,"s:249:6:254:Infinity":75,"s:250:8:254:Infinity":76,"b:256:6:261:Infinity:undefined:undefined:undefined:undefined":14,"s:256:6:261:Infinity":77,"s:257:8:261:Infinity":78,"s:263:6:263:Infinity":79,"f:270:9:270:Infinity":34,"s:276:4:291:Infinity":80,"f:276:17:276:21":35,"b:277:6:281:Infinity:undefined:undefined:undefined:undefined":15,"s:277:6:281:Infinity":81,"s:278:8:281:Infinity":82,"b:283:6:288:Infinity:undefined:undefined:undefined:undefined":16,"s:283:6:288:Infinity":83,"s:284:8:288:Infinity":84,"s:290:6:290:Infinity":85}}}
,"/Users/emrehanci/Desktop/Projects/quiz-arena/src/store/gameSlice.ts": {"path":"/Users/emrehanci/Desktop/Projects/quiz-arena/src/store/gameSlice.ts","statementMap":{"0":{"start":{"line":13,"column":32},"end":{"line":27,"column":null}},"1":{"start":{"line":29,"column":6},"end":{"line":263,"column":2}},"2":{"start":{"line":35,"column":6},"end":{"line":35,"column":null}},"3":{"start":{"line":40,"column":6},"end":{"line":40,"column":null}},"4":{"start":{"line":41,"column":6},"end":{"line":41,"column":null}},"5":{"start":{"line":42,"column":6},"end":{"line":42,"column":null}},"6":{"start":{"line":47,"column":6},"end":{"line":47,"column":null}},"7":{"start":{"line":51,"column":6},"end":{"line":51,"column":null}},"8":{"start":{"line":51,"column":47},"end":{"line":51,"column":74}},"9":{"start":{"line":55,"column":19},"end":{"line":55,"column":72}},"10":{"start":{"line":55,"column":41},"end":{"line":55,"column":72}},"11":{"start":{"line":56,"column":6},"end":{"line":57,"column":null}},"12":{"start":{"line":57,"column":8},"end":{"line":57,"column":null}},"13":{"start":{"line":62,"column":19},"end":{"line":62,"column":72}},"14":{"start":{"line":62,"column":41},"end":{"line":62,"column":72}},"15":{"start":{"line":63,"column":6},"end":{"line":64,"column":null}},"16":{"start":{"line":64,"column":8},"end":{"line":64,"column":null}},"17":{"start":{"line":69,"column":20},"end":{"line":69,"column":74}},"18":{"start":{"line":69,"column":47},"end":{"line":69,"column":74}},"19":{"start":{"line":70,"column":6},"end":{"line":71,"column":null}},"20":{"start":{"line":71,"column":8},"end":{"line":71,"column":null}},"21":{"start":{"line":76,"column":6},"end":{"line":81,"column":null}},"22":{"start":{"line":77,"column":22},"end":{"line":77,"column":73}},"23":{"start":{"line":77,"column":49},"end":{"line":77,"column":73}},"24":{"start":{"line":78,"column":8},"end":{"line":79,"column":null}},"25":{"start":{"line":79,"column":10},"end":{"line":79,"column":null}},"26":{"start":{"line":86,"column":6},"end":{"line":86,"column":null}},"27":{"start":{"line":90,"column":6},"end":{"line":90,"column":null}},"28":{"start":{"line":94,"column":19},"end":{"line":94,"column":65}},"29":{"start":{"line":94,"column":41},"end":{"line":94,"column":65}},"30":{"start":{"line":95,"column":6},"end":{"line":96,"column":null}},"31":{"start":{"line":96,"column":8},"end":{"line":96,"column":null}},"32":{"start":{"line":102,"column":6},"end":{"line":110,"column":null}},"33":{"start":{"line":111,"column":6},"end":{"line":111,"column":null}},"34":{"start":{"line":115,"column":6},"end":{"line":115,"column":null}},"35":{"start":{"line":116,"column":6},"end":{"line":116,"column":null}},"36":{"start":{"line":120,"column":6},"end":{"line":121,"column":null}},"37":{"start":{"line":121,"column":8},"end":{"line":121,"column":null}},"38":{"start":{"line":126,"column":6},"end":{"line":127,"column":null}},"39":{"start":{"line":127,"column":8},"end":{"line":127,"column":null}},"40":{"start":{"line":132,"column":6},"end":{"line":133,"column":null}},"41":{"start":{"line":133,"column":8},"end":{"line":133,"column":null}},"42":{"start":{"line":138,"column":6},"end":{"line":139,"column":null}},"43":{"start":{"line":139,"column":8},"end":{"line":139,"column":null}},"44":{"start":{"line":144,"column":6},"end":{"line":145,"column":null}},"45":{"start":{"line":145,"column":8},"end":{"line":145,"column":null}},"46":{"start":{"line":150,"column":6},"end":{"line":151,"column":null}},"47":{"start":{"line":151,"column":8},"end":{"line":151,"column":null}},"48":{"start":{"line":156,"column":6},"end":{"line":157,"column":null}},"49":{"start":{"line":157,"column":8},"end":{"line":157,"column":null}},"50":{"start":{"line":162,"column":6},"end":{"line":163,"column":null}},"51":{"start":{"line":163,"column":8},"end":{"line":163,"column":null}},"52":{"start":{"line":171,"column":6},"end":{"line":174,"column":null}},"53":{"start":{"line":172,"column":8},"end":{"line":172,"column":null}},"54":{"start":{"line":173,"column":8},"end":{"line":173,"column":null}},"55":{"start":{"line":174,"column":8},"end":{"line":174,"column":null}},"56":{"start":{"line":183,"column":19},"end":{"line":183,"column":72}},"57":{"start":{"line":183,"column":41},"end":{"line":183,"column":72}},"58":{"start":{"line":184,"column":6},"end":{"line":186,"column":null}},"59":{"start":{"line":185,"column":8},"end":{"line":185,"column":null}},"60":{"start":{"line":186,"column":8},"end":{"line":186,"column":null}},"61":{"start":{"line":191,"column":19},"end":{"line":191,"column":65}},"62":{"start":{"line":191,"column":41},"end":{"line":191,"column":65}},"63":{"start":{"line":192,"column":6},"end":{"line":193,"column":null}},"64":{"start":{"line":193,"column":8},"end":{"line":193,"column":null}},"65":{"start":{"line":199,"column":6},"end":{"line":199,"column":null}},"66":{"start":{"line":203,"column":6},"end":{"line":203,"column":null}},"67":{"start":{"line":207,"column":6},"end":{"line":209,"column":null}},"68":{"start":{"line":208,"column":13},"end":{"line":208,"column":null}},"69":{"start":{"line":213,"column":6},"end":{"line":215,"column":null}},"70":{"start":{"line":214,"column":13},"end":{"line":214,"column":null}},"71":{"start":{"line":220,"column":6},"end":{"line":220,"column":null}},"72":{"start":{"line":221,"column":6},"end":{"line":221,"column":null}},"73":{"start":{"line":222,"column":6},"end":{"line":222,"column":null}},"74":{"start":{"line":223,"column":6},"end":{"line":223,"column":null}},"75":{"start":{"line":227,"column":6},"end":{"line":227,"column":null}},"76":{"start":{"line":234,"column":6},"end":{"line":234,"column":null}},"77":{"start":{"line":238,"column":6},"end":{"line":238,"column":null}},"78":{"start":{"line":239,"column":6},"end":{"line":239,"column":null}},"79":{"start":{"line":244,"column":6},"end":{"line":244,"column":null}},"80":{"start":{"line":248,"column":6},"end":{"line":248,"column":null}},"81":{"start":{"line":249,"column":6},"end":{"line":249,"column":null}},"82":{"start":{"line":250,"column":6},"end":{"line":250,"column":null}},"83":{"start":{"line":251,"column":6},"end":{"line":251,"column":null}},"84":{"start":{"line":252,"column":6},"end":{"line":252,"column":null}},"85":{"start":{"line":253,"column":6},"end":{"line":253,"column":null}},"86":{"start":{"line":254,"column":6},"end":{"line":254,"column":null}},"87":{"start":{"line":255,"column":6},"end":{"line":259,"column":null}},"88":{"start":{"line":260,"column":6},"end":{"line":260,"column":null}},"89":{"start":{"line":300,"column":4},"end":{"line":300,"column":null}}},"fnMap":{"0":{"name":"(anonymous_0)","decl":{"start":{"line":34,"column":4},"end":{"line":34,"column":15}},"loc":{"start":{"line":34,"column":59},"end":{"line":35,"column":null}},"line":34},"1":{"name":"(anonymous_1)","decl":{"start":{"line":39,"column":4},"end":{"line":39,"column":19}},"loc":{"start":{"line":39,"column":99},"end":{"line":42,"column":null}},"line":39},"2":{"name":"(anonymous_2)","decl":{"start":{"line":46,"column":4},"end":{"line":46,"column":14}},"loc":{"start":{"line":46,"column":53},"end":{"line":47,"column":null}},"line":46},"3":{"name":"(anonymous_3)","decl":{"start":{"line":50,"column":4},"end":{"line":50,"column":17}},"loc":{"start":{"line":50,"column":58},"end":{"line":51,"column":null}},"line":50},"4":{"name":"(anonymous_4)","decl":{"start":{"line":51,"column":32},"end":{"line":51,"column":39}},"loc":{"start":{"line":51,"column":47},"end":{"line":51,"column":74}},"line":51},"5":{"name":"(anonymous_5)","decl":{"start":{"line":54,"column":4},"end":{"line":54,"column":21}},"loc":{"start":{"line":54,"column":88},"end":{"line":57,"column":null}},"line":54},"6":{"name":"(anonymous_6)","decl":{"start":{"line":55,"column":31},"end":{"line":55,"column":36}},"loc":{"start":{"line":55,"column":41},"end":{"line":55,"column":72}},"line":55},"7":{"name":"(anonymous_7)","decl":{"start":{"line":61,"column":4},"end":{"line":61,"column":22}},"loc":{"start":{"line":61,"column":90},"end":{"line":64,"column":null}},"line":61},"8":{"name":"(anonymous_8)","decl":{"start":{"line":62,"column":31},"end":{"line":62,"column":36}},"loc":{"start":{"line":62,"column":41},"end":{"line":62,"column":72}},"line":62},"9":{"name":"(anonymous_9)","decl":{"start":{"line":68,"column":4},"end":{"line":68,"column":17}},"loc":{"start":{"line":68,"column":56},"end":{"line":71,"column":null}},"line":68},"10":{"name":"(anonymous_10)","decl":{"start":{"line":69,"column":32},"end":{"line":69,"column":42}},"loc":{"start":{"line":69,"column":47},"end":{"line":69,"column":74}},"line":69},"11":{"name":"(anonymous_11)","decl":{"start":{"line":75,"column":4},"end":{"line":75,"column":26}},"loc":{"start":{"line":75,"column":67},"end":{"line":81,"column":null}},"line":75},"12":{"name":"(anonymous_12)","decl":{"start":{"line":76,"column":21},"end":{"line":76,"column":29}},"loc":{"start":{"line":76,"column":44},"end":{"line":81,"column":null}},"line":76},"13":{"name":"(anonymous_13)","decl":{"start":{"line":77,"column":34},"end":{"line":77,"column":44}},"loc":{"start":{"line":77,"column":49},"end":{"line":77,"column":73}},"line":77},"14":{"name":"(anonymous_14)","decl":{"start":{"line":85,"column":4},"end":{"line":85,"column":26}},"loc":{"start":{"line":85,"column":67},"end":{"line":86,"column":null}},"line":85},"15":{"name":"(anonymous_15)","decl":{"start":{"line":89,"column":4},"end":{"line":89,"column":15}},"loc":{"start":{"line":89,"column":25},"end":{"line":90,"column":null}},"line":89},"16":{"name":"(anonymous_16)","decl":{"start":{"line":93,"column":4},"end":{"line":93,"column":32}},"loc":{"start":{"line":93,"column":73},"end":{"line":96,"column":null}},"line":93},"17":{"name":"(anonymous_17)","decl":{"start":{"line":94,"column":31},"end":{"line":94,"column":36}},"loc":{"start":{"line":94,"column":41},"end":{"line":94,"column":65}},"line":94},"18":{"name":"(anonymous_18)","decl":{"start":{"line":101,"column":4},"end":{"line":101,"column":24}},"loc":{"start":{"line":101,"column":67},"end":{"line":111,"column":null}},"line":101},"19":{"name":"(anonymous_19)","decl":{"start":{"line":114,"column":4},"end":{"line":114,"column":26}},"loc":{"start":{"line":114,"column":36},"end":{"line":116,"column":null}},"line":114},"20":{"name":"(anonymous_20)","decl":{"start":{"line":119,"column":4},"end":{"line":119,"column":26}},"loc":{"start":{"line":119,"column":67},"end":{"line":121,"column":null}},"line":119},"21":{"name":"(anonymous_21)","decl":{"start":{"line":125,"column":4},"end":{"line":125,"column":17}},"loc":{"start":{"line":125,"column":27},"end":{"line":127,"column":null}},"line":125},"22":{"name":"(anonymous_22)","decl":{"start":{"line":131,"column":4},"end":{"line":131,"column":18}},"loc":{"start":{"line":131,"column":28},"end":{"line":133,"column":null}},"line":131},"23":{"name":"(anonymous_23)","decl":{"start":{"line":137,"column":4},"end":{"line":137,"column":17}},"loc":{"start":{"line":137,"column":27},"end":{"line":139,"column":null}},"line":137},"24":{"name":"(anonymous_24)","decl":{"start":{"line":143,"column":4},"end":{"line":143,"column":29}},"loc":{"start":{"line":143,"column":39},"end":{"line":145,"column":null}},"line":143},"25":{"name":"(anonymous_25)","decl":{"start":{"line":149,"column":4},"end":{"line":149,"column":26}},"loc":{"start":{"line":149,"column":67},"end":{"line":151,"column":null}},"line":149},"26":{"name":"(anonymous_26)","decl":{"start":{"line":155,"column":4},"end":{"line":155,"column":27}},"loc":{"start":{"line":155,"column":70},"end":{"line":157,"column":null}},"line":155},"27":{"name":"(anonymous_27)","decl":{"start":{"line":161,"column":4},"end":{"line":161,"column":24}},"loc":{"start":{"line":161,"column":65},"end":{"line":163,"column":null}},"line":161},"28":{"name":"(anonymous_28)","decl":{"start":{"line":167,"column":4},"end":{"line":167,"column":null}},"loc":{"start":{"line":170,"column":9},"end":{"line":174,"column":null}},"line":170},"29":{"name":"(anonymous_29)","decl":{"start":{"line":179,"column":4},"end":{"line":179,"column":null}},"loc":{"start":{"line":182,"column":9},"end":{"line":186,"column":null}},"line":182},"30":{"name":"(anonymous_30)","decl":{"start":{"line":183,"column":31},"end":{"line":183,"column":36}},"loc":{"start":{"line":183,"column":41},"end":{"line":183,"column":72}},"line":183},"31":{"name":"(anonymous_31)","decl":{"start":{"line":190,"column":4},"end":{"line":190,"column":26}},"loc":{"start":{"line":190,"column":67},"end":{"line":193,"column":null}},"line":190},"32":{"name":"(anonymous_32)","decl":{"start":{"line":191,"column":31},"end":{"line":191,"column":36}},"loc":{"start":{"line":191,"column":41},"end":{"line":191,"column":65}},"line":191},"33":{"name":"(anonymous_33)","decl":{"start":{"line":198,"column":4},"end":{"line":198,"column":26}},"loc":{"start":{"line":198,"column":77},"end":{"line":199,"column":null}},"line":198},"34":{"name":"(anonymous_34)","decl":{"start":{"line":202,"column":4},"end":{"line":202,"column":22}},"loc":{"start":{"line":202,"column":73},"end":{"line":203,"column":null}},"line":202},"35":{"name":"(anonymous_35)","decl":{"start":{"line":206,"column":4},"end":{"line":206,"column":29}},"loc":{"start":{"line":206,"column":101},"end":{"line":209,"column":null}},"line":206},"36":{"name":"(anonymous_36)","decl":{"start":{"line":207,"column":56},"end":{"line":207,"column":null}},"loc":{"start":{"line":208,"column":13},"end":{"line":208,"column":null}},"line":208},"37":{"name":"(anonymous_37)","decl":{"start":{"line":212,"column":4},"end":{"line":212,"column":25}},"loc":{"start":{"line":212,"column":97},"end":{"line":215,"column":null}},"line":212},"38":{"name":"(anonymous_38)","decl":{"start":{"line":213,"column":48},"end":{"line":213,"column":null}},"loc":{"start":{"line":214,"column":13},"end":{"line":214,"column":null}},"line":214},"39":{"name":"(anonymous_39)","decl":{"start":{"line":219,"column":4},"end":{"line":219,"column":22}},"loc":{"start":{"line":219,"column":32},"end":{"line":223,"column":null}},"line":219},"40":{"name":"(anonymous_40)","decl":{"start":{"line":226,"column":4},"end":{"line":226,"column":29}},"loc":{"start":{"line":226,"column":39},"end":{"line":227,"column":null}},"line":226},"41":{"name":"(anonymous_41)","decl":{"start":{"line":230,"column":4},"end":{"line":230,"column":null}},"loc":{"start":{"line":233,"column":9},"end":{"line":234,"column":null}},"line":233},"42":{"name":"(anonymous_42)","decl":{"start":{"line":237,"column":4},"end":{"line":237,"column":20}},"loc":{"start":{"line":237,"column":30},"end":{"line":239,"column":null}},"line":237},"43":{"name":"(anonymous_43)","decl":{"start":{"line":243,"column":4},"end":{"line":243,"column":21}},"loc":{"start":{"line":243,"column":21},"end":{"line":244,"column":null}},"line":243},"44":{"name":"(anonymous_44)","decl":{"start":{"line":247,"column":4},"end":{"line":247,"column":19}},"loc":{"start":{"line":247,"column":29},"end":{"line":260,"column":null}},"line":247}},"branchMap":{"0":{"loc":{"start":{"line":56,"column":6},"end":{"line":57,"column":null}},"type":"if","locations":[{"start":{"line":56,"column":6},"end":{"line":57,"column":null}},{"start":{},"end":{}}],"line":56},"1":{"loc":{"start":{"line":63,"column":6},"end":{"line":64,"column":null}},"type":"if","locations":[{"start":{"line":63,"column":6},"end":{"line":64,"column":null}},{"start":{},"end":{}}],"line":63},"2":{"loc":{"start":{"line":70,"column":6},"end":{"line":71,"column":null}},"type":"if","locations":[{"start":{"line":70,"column":6},"end":{"line":71,"column":null}},{"start":{},"end":{}}],"line":70},"3":{"loc":{"start":{"line":78,"column":8},"end":{"line":79,"column":null}},"type":"if","locations":[{"start":{"line":78,"column":8},"end":{"line":79,"column":null}},{"start":{},"end":{}}],"line":78},"4":{"loc":{"start":{"line":95,"column":6},"end":{"line":96,"column":null}},"type":"if","locations":[{"start":{"line":95,"column":6},"end":{"line":96,"column":null}},{"start":{},"end":{}}],"line":95},"5":{"loc":{"start":{"line":120,"column":6},"end":{"line":121,"column":null}},"type":"if","locations":[{"start":{"line":120,"column":6},"end":{"line":121,"column":null}},{"start":{},"end":{}}],"line":120},"6":{"loc":{"start":{"line":126,"column":6},"end":{"line":127,"column":null}},"type":"if","locations":[{"start":{"line":126,"column":6},"end":{"line":127,"column":null}},{"start":{},"end":{}}],"line":126},"7":{"loc":{"start":{"line":132,"column":6},"end":{"line":133,"column":null}},"type":"if","locations":[{"start":{"line":132,"column":6},"end":{"line":133,"column":null}},{"start":{},"end":{}}],"line":132},"8":{"loc":{"start":{"line":138,"column":6},"end":{"line":139,"column":null}},"type":"if","locations":[{"start":{"line":138,"column":6},"end":{"line":139,"column":null}},{"start":{},"end":{}}],"line":138},"9":{"loc":{"start":{"line":144,"column":6},"end":{"line":145,"column":null}},"type":"if","locations":[{"start":{"line":144,"column":6},"end":{"line":145,"column":null}},{"start":{},"end":{}}],"line":144},"10":{"loc":{"start":{"line":150,"column":6},"end":{"line":151,"column":null}},"type":"if","locations":[{"start":{"line":150,"column":6},"end":{"line":151,"column":null}},{"start":{},"end":{}}],"line":150},"11":{"loc":{"start":{"line":156,"column":6},"end":{"line":157,"column":null}},"type":"if","locations":[{"start":{"line":156,"column":6},"end":{"line":157,"column":null}},{"start":{},"end":{}}],"line":156},"12":{"loc":{"start":{"line":162,"column":6},"end":{"line":163,"column":null}},"type":"if","locations":[{"start":{"line":162,"column":6},"end":{"line":163,"column":null}},{"start":{},"end":{}}],"line":162},"13":{"loc":{"start":{"line":171,"column":6},"end":{"line":174,"column":null}},"type":"if","locations":[{"start":{"line":171,"column":6},"end":{"line":174,"column":null}},{"start":{},"end":{}}],"line":171},"14":{"loc":{"start":{"line":184,"column":6},"end":{"line":186,"column":null}},"type":"if","locations":[{"start":{"line":184,"column":6},"end":{"line":186,"column":null}},{"start":{},"end":{}}],"line":184},"15":{"loc":{"start":{"line":192,"column":6},"end":{"line":193,"column":null}},"type":"if","locations":[{"start":{"line":192,"column":6},"end":{"line":193,"column":null}},{"start":{},"end":{}}],"line":192},"16":{"loc":{"start":{"line":208,"column":15},"end":{"line":208,"column":null}},"type":"binary-expr","locations":[{"start":{"line":208,"column":15},"end":{"line":208,"column":61}},{"start":{"line":208,"column":61},"end":{"line":208,"column":null}}],"line":208},"17":{"loc":{"start":{"line":214,"column":15},"end":{"line":214,"column":null}},"type":"binary-expr","locations":[{"start":{"line":214,"column":15},"end":{"line":214,"column":61}},{"start":{"line":214,"column":61},"end":{"line":214,"column":null}}],"line":214}},"s":{"0":3,"1":3,"2":1,"3":2,"4":2,"5":2,"6":1,"7":1,"8":2,"9":1,"10":1,"11":1,"12":1,"13":1,"14":1,"15":1,"16":1,"17":1,"18":1,"19":1,"20":1,"21":1,"22":2,"23":3,"24":2,"25":2,"26":1,"27":2,"28":1,"29":1,"30":1,"31":1,"32":6,"33":6,"34":1,"35":1,"36":1,"37":1,"38":2,"39":2,"40":1,"41":1,"42":1,"43":1,"44":1,"45":1,"46":1,"47":1,"48":1,"49":1,"50":1,"51":1,"52":1,"53":1,"54":1,"55":1,"56":2,"57":2,"58":2,"59":2,"60":2,"61":1,"62":1,"63":1,"64":1,"65":1,"66":1,"67":1,"68":2,"69":1,"70":2,"71":1,"72":1,"73":1,"74":1,"75":1,"76":1,"77":1,"78":1,"79":1,"80":1,"81":1,"82":1,"83":1,"84":1,"85":1,"86":1,"87":1,"88":1,"89":3},"f":{"0":1,"1":2,"2":1,"3":1,"4":2,"5":1,"6":1,"7":1,"8":1,"9":1,"10":1,"11":1,"12":2,"13":3,"14":1,"15":2,"16":1,"17":1,"18":6,"19":1,"20":1,"21":2,"22":1,"23":1,"24":1,"25":1,"26":1,"27":1,"28":1,"29":2,"30":2,"31":1,"32":1,"33":1,"34":1,"35":1,"36":2,"37":1,"38":2,"39":1,"40":1,"41":1,"42":1,"43":1,"44":1},"b":{"0":[1,0],"1":[1,0],"2":[1,0],"3":[2,0],"4":[1,0],"5":[1,0],"6":[2,0],"7":[1,0],"8":[1,0],"9":[1,0],"10":[1,0],"11":[1,0],"12":[1,0],"13":[1,0],"14":[2,0],"15":[1,0],"16":[2,1],"17":[2,1]},"meta":{"lastBranch":18,"lastFunction":45,"lastStatement":90,"seen":{"s:13:32:27:Infinity":0,"s:29:6:263:2":1,"f:34:4:34:15":0,"s:35:6:35:Infinity":2,"f:39:4:39:19":1,"s:40:6:40:Infinity":3,"s:41:6:41:Infinity":4,"s:42:6:42:Infinity":5,"f:46:4:46:14":2,"s:47:6:47:Infinity":6,"f:50:4:50:17":3,"s:51:6:51:Infinity":7,"f:51:32:51:39":4,"s:51:47:51:74":8,"f:54:4:54:21":5,"s:55:19:55:72":9,"f:55:31:55:36":6,"s:55:41:55:72":10,"b:56:6:57:Infinity:undefined:undefined:undefined:undefined":0,"s:56:6:57:Infinity":11,"s:57:8:57:Infinity":12,"f:61:4:61:22":7,"s:62:19:62:72":13,"f:62:31:62:36":8,"s:62:41:62:72":14,"b:63:6:64:Infinity:undefined:undefined:undefined:undefined":1,"s:63:6:64:Infinity":15,"s:64:8:64:Infinity":16,"f:68:4:68:17":9,"s:69:20:69:74":17,"f:69:32:69:42":10,"s:69:47:69:74":18,"b:70:6:71:Infinity:undefined:undefined:undefined:undefined":2,"s:70:6:71:Infinity":19,"s:71:8:71:Infinity":20,"f:75:4:75:26":11,"s:76:6:81:Infinity":21,"f:76:21:76:29":12,"s:77:22:77:73":22,"f:77:34:77:44":13,"s:77:49:77:73":23,"b:78:8:79:Infinity:undefined:undefined:undefined:undefined":3,"s:78:8:79:Infinity":24,"s:79:10:79:Infinity":25,"f:85:4:85:26":14,"s:86:6:86:Infinity":26,"f:89:4:89:15":15,"s:90:6:90:Infinity":27,"f:93:4:93:32":16,"s:94:19:94:65":28,"f:94:31:94:36":17,"s:94:41:94:65":29,"b:95:6:96:Infinity:undefined:undefined:undefined:undefined":4,"s:95:6:96:Infinity":30,"s:96:8:96:Infinity":31,"f:101:4:101:24":18,"s:102:6:110:Infinity":32,"s:111:6:111:Infinity":33,"f:114:4:114:26":19,"s:115:6:115:Infinity":34,"s:116:6:116:Infinity":35,"f:119:4:119:26":20,"b:120:6:121:Infinity:undefined:undefined:undefined:undefined":5,"s:120:6:121:Infinity":36,"s:121:8:121:Infinity":37,"f:125:4:125:17":21,"b:126:6:127:Infinity:undefined:undefined:undefined:undefined":6,"s:126:6:127:Infinity":38,"s:127:8:127:Infinity":39,"f:131:4:131:18":22,"b:132:6:133:Infinity:undefined:undefined:undefined:undefined":7,"s:132:6:133:Infinity":40,"s:133:8:133:Infinity":41,"f:137:4:137:17":23,"b:138:6:139:Infinity:undefined:undefined:undefined:undefined":8,"s:138:6:139:Infinity":42,"s:139:8:139:Infinity":43,"f:143:4:143:29":24,"b:144:6:145:Infinity:undefined:undefined:undefined:undefined":9,"s:144:6:145:Infinity":44,"s:145:8:145:Infinity":45,"f:149:4:149:26":25,"b:150:6:151:Infinity:undefined:undefined:undefined:undefined":10,"s:150:6:151:Infinity":46,"s:151:8:151:Infinity":47,"f:155:4:155:27":26,"b:156:6:157:Infinity:undefined:undefined:undefined:undefined":11,"s:156:6:157:Infinity":48,"s:157:8:157:Infinity":49,"f:161:4:161:24":27,"b:162:6:163:Infinity:undefined:undefined:undefined:undefined":12,"s:162:6:163:Infinity":50,"s:163:8:163:Infinity":51,"f:167:4:167:Infinity":28,"b:171:6:174:Infinity:undefined:undefined:undefined:undefined":13,"s:171:6:174:Infinity":52,"s:172:8:172:Infinity":53,"s:173:8:173:Infinity":54,"s:174:8:174:Infinity":55,"f:179:4:179:Infinity":29,"s:183:19:183:72":56,"f:183:31:183:36":30,"s:183:41:183:72":57,"b:184:6:186:Infinity:undefined:undefined:undefined:undefined":14,"s:184:6:186:Infinity":58,"s:185:8:185:Infinity":59,"s:186:8:186:Infinity":60,"f:190:4:190:26":31,"s:191:19:191:65":61,"f:191:31:191:36":32,"s:191:41:191:65":62,"b:192:6:193:Infinity:undefined:undefined:undefined:undefined":15,"s:192:6:193:Infinity":63,"s:193:8:193:Infinity":64,"f:198:4:198:26":33,"s:199:6:199:Infinity":65,"f:202:4:202:22":34,"s:203:6:203:Infinity":66,"f:206:4:206:29":35,"s:207:6:209:Infinity":67,"f:207:56:207:Infinity":36,"s:208:13:208:Infinity":68,"b:208:15:208:61:208:61:208:Infinity":16,"f:212:4:212:25":37,"s:213:6:215:Infinity":69,"f:213:48:213:Infinity":38,"s:214:13:214:Infinity":70,"b:214:15:214:61:214:61:214:Infinity":17,"f:219:4:219:22":39,"s:220:6:220:Infinity":71,"s:221:6:221:Infinity":72,"s:222:6:222:Infinity":73,"s:223:6:223:Infinity":74,"f:226:4:226:29":40,"s:227:6:227:Infinity":75,"f:230:4:230:Infinity":41,"s:234:6:234:Infinity":76,"f:237:4:237:20":42,"s:238:6:238:Infinity":77,"s:239:6:239:Infinity":78,"f:243:4:243:21":43,"s:244:6:244:Infinity":79,"f:247:4:247:19":44,"s:248:6:248:Infinity":80,"s:249:6:249:Infinity":81,"s:250:6:250:Infinity":82,"s:251:6:251:Infinity":83,"s:252:6:252:Infinity":84,"s:253:6:253:Infinity":85,"s:254:6:254:Infinity":86,"s:255:6:259:Infinity":87,"s:260:6:260:Infinity":88,"s:300:4:300:Infinity":89}}}
,"/Users/emrehanci/Desktop/Projects/quiz-arena/src/utils/helpers.ts": {"path":"/Users/emrehanci/Desktop/Projects/quiz-arena/src/utils/helpers.ts","statementMap":{"0":{"start":{"line":7,"column":13},"end":{"line":19,"column":null}},"1":{"start":{"line":8,"column":2},"end":{"line":19,"column":null}},"2":{"start":{"line":25,"column":13},"end":{"line":30,"column":null}},"3":{"start":{"line":26,"column":2},"end":{"line":30,"column":null}},"4":{"start":{"line":36,"column":13},"end":{"line":37,"column":null}},"5":{"start":{"line":37,"column":2},"end":{"line":37,"column":null}},"6":{"start":{"line":43,"column":13},"end":{"line":47,"column":null}},"7":{"start":{"line":44,"column":23},"end":{"line":44,"column":53}},"8":{"start":{"line":45,"column":18},"end":{"line":45,"column":47}},"9":{"start":{"line":46,"column":18},"end":{"line":46,"column":null}},"10":{"start":{"line":47,"column":2},"end":{"line":47,"column":null}},"11":{"start":{"line":53,"column":13},"end":{"line":54,"column":null}},"12":{"start":{"line":54,"column":2},"end":{"line":54,"column":null}},"13":{"start":{"line":60,"column":13},"end":{"line":61,"column":null}},"14":{"start":{"line":61,"column":2},"end":{"line":61,"column":null}},"15":{"start":{"line":67,"column":13},"end":{"line":73,"column":null}},"16":{"start":{"line":68,"column":19},"end":{"line":68,"column":29}},"17":{"start":{"line":69,"column":2},"end":{"line":71,"column":null}},"18":{"start":{"line":69,"column":15},"end":{"line":69,"column":36}},"19":{"start":{"line":70,"column":14},"end":{"line":70,"column":49}},"20":{"start":{"line":71,"column":4},"end":{"line":71,"column":null}},"21":{"start":{"line":73,"column":2},"end":{"line":73,"column":null}},"22":{"start":{"line":79,"column":13},"end":{"line":80,"column":null}},"23":{"start":{"line":80,"column":2},"end":{"line":80,"column":null}},"24":{"start":{"line":86,"column":13},"end":{"line":87,"column":null}},"25":{"start":{"line":87,"column":2},"end":{"line":87,"column":null}}},"fnMap":{"0":{"name":"(anonymous_0)","decl":{"start":{"line":7,"column":13},"end":{"line":7,"column":27}},"loc":{"start":{"line":7,"column":50},"end":{"line":19,"column":null}},"line":7},"1":{"name":"(anonymous_1)","decl":{"start":{"line":25,"column":13},"end":{"line":25,"column":41}},"loc":{"start":{"line":25,"column":41},"end":{"line":30,"column":null}},"line":25},"2":{"name":"(anonymous_2)","decl":{"start":{"line":36,"column":13},"end":{"line":36,"column":33}},"loc":{"start":{"line":36,"column":86},"end":{"line":37,"column":null}},"line":36},"3":{"name":"(anonymous_3)","decl":{"start":{"line":43,"column":13},"end":{"line":43,"column":27}},"loc":{"start":{"line":43,"column":60},"end":{"line":47,"column":null}},"line":43},"4":{"name":"(anonymous_4)","decl":{"start":{"line":53,"column":13},"end":{"line":53,"column":40}},"loc":{"start":{"line":53,"column":40},"end":{"line":54,"column":null}},"line":53},"5":{"name":"(anonymous_5)","decl":{"start":{"line":60,"column":13},"end":{"line":60,"column":36}},"loc":{"start":{"line":60,"column":79},"end":{"line":61,"column":null}},"line":60},"6":{"name":"(anonymous_6)","decl":{"start":{"line":67,"column":13},"end":{"line":67,"column":32}},"loc":{"start":{"line":67,"column":52},"end":{"line":73,"column":null}},"line":67},"7":{"name":"(anonymous_7)","decl":{"start":{"line":79,"column":13},"end":{"line":79,"column":33}},"loc":{"start":{"line":79,"column":51},"end":{"line":80,"column":null}},"line":79},"8":{"name":"(anonymous_8)","decl":{"start":{"line":86,"column":13},"end":{"line":86,"column":29}},"loc":{"start":{"line":86,"column":43},"end":{"line":87,"column":null}},"line":86}},"branchMap":{},"s":{"0":3,"1":4,"2":3,"3":1,"4":3,"5":4,"6":3,"7":11,"8":11,"9":11,"10":11,"11":3,"12":3,"13":3,"14":11,"15":3,"16":5,"17":5,"18":5,"19":12,"20":12,"21":5,"22":3,"23":13,"24":3,"25":5},"f":{"0":4,"1":1,"2":4,"3":11,"4":3,"5":11,"6":5,"7":13,"8":5},"b":{},"meta":{"lastBranch":0,"lastFunction":9,"lastStatement":26,"seen":{"s:7:13:19:Infinity":0,"f:7:13:7:27":0,"s:8:2:19:Infinity":1,"s:25:13:30:Infinity":2,"f:25:13:25:41":1,"s:26:2:30:Infinity":3,"s:36:13:37:Infinity":4,"f:36:13:36:33":2,"s:37:2:37:Infinity":5,"s:43:13:47:Infinity":6,"f:43:13:43:27":3,"s:44:23:44:53":7,"s:45:18:45:47":8,"s:46:18:46:Infinity":9,"s:47:2:47:Infinity":10,"s:53:13:54:Infinity":11,"f:53:13:53:40":4,"s:54:2:54:Infinity":12,"s:60:13:61:Infinity":13,"f:60:13:60:36":5,"s:61:2:61:Infinity":14,"s:67:13:73:Infinity":15,"f:67:13:67:32":6,"s:68:19:68:29":16,"s:69:2:71:Infinity":17,"s:69:15:69:36":18,"s:70:14:70:49":19,"s:71:4:71:Infinity":20,"s:73:2:73:Infinity":21,"s:79:13:80:Infinity":22,"f:79:13:79:33":7,"s:80:2:80:Infinity":23,"s:86:13:87:Infinity":24,"f:86:13:86:29":8,"s:87:2:87:Infinity":25}}}
,"/Users/emrehanci/Desktop/Projects/quiz-arena/src/utils/validation.ts": {"path":"/Users/emrehanci/Desktop/Projects/quiz-arena/src/utils/validation.ts","statementMap":{"0":{"start":{"line":12,"column":13},"end":{"line":103,"column":null}},"1":{"start":{"line":13,"column":36},"end":{"line":13,"column":38}},"2":{"start":{"line":16,"column":2},"end":{"line":18,"column":null}},"3":{"start":{"line":17,"column":4},"end":{"line":17,"column":null}},"4":{"start":{"line":18,"column":4},"end":{"line":18,"column":null}},"5":{"start":{"line":22,"column":2},"end":{"line":23,"column":null}},"6":{"start":{"line":23,"column":4},"end":{"line":23,"column":null}},"7":{"start":{"line":27,"column":2},"end":{"line":29,"column":null}},"8":{"start":{"line":28,"column":4},"end":{"line":28,"column":null}},"9":{"start":{"line":29,"column":4},"end":{"line":29,"column":null}},"10":{"start":{"line":32,"column":2},"end":{"line":36,"column":null}},"11":{"start":{"line":33,"column":4},"end":{"line":36,"column":null}},"12":{"start":{"line":40,"column":2},"end":{"line":81,"column":null}},"13":{"start":{"line":41,"column":4},"end":{"line":45,"column":null}},"14":{"start":{"line":42,"column":6},"end":{"line":45,"column":null}},"15":{"start":{"line":48,"column":4},"end":{"line":53,"column":null}},"16":{"start":{"line":49,"column":6},"end":{"line":52,"column":null}},"17":{"start":{"line":53,"column":6},"end":{"line":53,"column":null}},"18":{"start":{"line":57,"column":4},"end":{"line":80,"column":null}},"19":{"start":{"line":58,"column":24},"end":{"line":58,"column":null}},"20":{"start":{"line":60,"column":6},"end":{"line":65,"column":null}},"21":{"start":{"line":61,"column":8},"end":{"line":64,"column":null}},"22":{"start":{"line":65,"column":8},"end":{"line":65,"column":null}},"23":{"start":{"line":68,"column":6},"end":{"line":72,"column":null}},"24":{"start":{"line":69,"column":8},"end":{"line":72,"column":null}},"25":{"start":{"line":76,"column":6},"end":{"line":79,"column":null}},"26":{"start":{"line":77,"column":24},"end":{"line":77,"column":112}},"27":{"start":{"line":78,"column":8},"end":{"line":78,"column":null}},"28":{"start":{"line":84,"column":2},"end":{"line":99,"column":null}},"29":{"start":{"line":85,"column":4},"end":{"line":99,"column":null}},"30":{"start":{"line":86,"column":6},"end":{"line":89,"column":null}},"31":{"start":{"line":90,"column":15},"end":{"line":99,"column":null}},"32":{"start":{"line":91,"column":6},"end":{"line":94,"column":null}},"33":{"start":{"line":96,"column":6},"end":{"line":99,"column":null}},"34":{"start":{"line":97,"column":24},"end":{"line":97,"column":93}},"35":{"start":{"line":98,"column":8},"end":{"line":98,"column":null}},"36":{"start":{"line":103,"column":2},"end":{"line":103,"column":null}},"37":{"start":{"line":109,"column":13},"end":{"line":153,"column":null}},"38":{"start":{"line":110,"column":36},"end":{"line":110,"column":38}},"39":{"start":{"line":112,"column":2},"end":{"line":113,"column":null}},"40":{"start":{"line":113,"column":4},"end":{"line":113,"column":null}},"41":{"start":{"line":116,"column":2},"end":{"line":118,"column":null}},"42":{"start":{"line":117,"column":4},"end":{"line":117,"column":null}},"43":{"start":{"line":118,"column":4},"end":{"line":118,"column":null}},"44":{"start":{"line":121,"column":2},"end":{"line":125,"column":null}},"45":{"start":{"line":122,"column":4},"end":{"line":125,"column":null}},"46":{"start":{"line":128,"column":2},"end":{"line":135,"column":null}},"47":{"start":{"line":129,"column":4},"end":{"line":133,"column":null}},"48":{"start":{"line":130,"column":6},"end":{"line":133,"column":null}},"49":{"start":{"line":137,"column":2},"end":{"line":145,"column":null}},"50":{"start":{"line":138,"column":4},"end":{"line":138,"column":null}},"51":{"start":{"line":140,"column":29},"end":{"line":140,"column":94}},"52":{"start":{"line":140,"column":58},"end":{"line":140,"column":94}},"53":{"start":{"line":141,"column":4},"end":{"line":145,"column":null}},"54":{"start":{"line":142,"column":6},"end":{"line":145,"column":null}},"55":{"start":{"line":149,"column":2},"end":{"line":150,"column":null}},"56":{"start":{"line":150,"column":4},"end":{"line":150,"column":null}},"57":{"start":{"line":153,"column":2},"end":{"line":153,"column":null}},"58":{"start":{"line":159,"column":13},"end":{"line":177,"column":null}},"59":{"start":{"line":163,"column":36},"end":{"line":163,"column":38}},"60":{"start":{"line":165,"column":2},"end":{"line":166,"column":null}},"61":{"start":{"line":166,"column":4},"end":{"line":166,"column":null}},"62":{"start":{"line":169,"column":2},"end":{"line":170,"column":null}},"63":{"start":{"line":170,"column":4},"end":{"line":170,"column":null}},"64":{"start":{"line":173,"column":2},"end":{"line":174,"column":null}},"65":{"start":{"line":174,"column":4},"end":{"line":174,"column":null}},"66":{"start":{"line":177,"column":2},"end":{"line":177,"column":null}},"67":{"start":{"line":183,"column":13},"end":{"line":184,"column":null}},"68":{"start":{"line":184,"column":2},"end":{"line":184,"column":null}},"69":{"start":{"line":190,"column":13},"end":{"line":191,"column":null}},"70":{"start":{"line":191,"column":2},"end":{"line":191,"column":null}},"71":{"start":{"line":191,"column":27},"end":{"line":191,"column":58}}},"fnMap":{"0":{"name":"(anonymous_0)","decl":{"start":{"line":12,"column":13},"end":{"line":12,"column":32}},"loc":{"start":{"line":12,"column":74},"end":{"line":103,"column":null}},"line":12},"1":{"name":"(anonymous_1)","decl":{"start":{"line":40,"column":17},"end":{"line":40,"column":26}},"loc":{"start":{"line":40,"column":64},"end":{"line":81,"column":null}},"line":40},"2":{"name":"(anonymous_2)","decl":{"start":{"line":57,"column":17},"end":{"line":57,"column":26}},"loc":{"start":{"line":57,"column":36},"end":{"line":80,"column":null}},"line":57},"3":{"name":"(anonymous_3)","decl":{"start":{"line":76,"column":16},"end":{"line":76,"column":25}},"loc":{"start":{"line":76,"column":64},"end":{"line":79,"column":null}},"line":76},"4":{"name":"(anonymous_4)","decl":{"start":{"line":96,"column":30},"end":{"line":96,"column":39}},"loc":{"start":{"line":96,"column":87},"end":{"line":99,"column":null}},"line":96},"5":{"name":"(anonymous_5)","decl":{"start":{"line":109,"column":13},"end":{"line":109,"column":33}},"loc":{"start":{"line":109,"column":96},"end":{"line":153,"column":null}},"line":109},"6":{"name":"(anonymous_6)","decl":{"start":{"line":128,"column":19},"end":{"line":128,"column":28}},"loc":{"start":{"line":128,"column":46},"end":{"line":135,"column":null}},"line":128},"7":{"name":"(anonymous_7)","decl":{"start":{"line":140,"column":46},"end":{"line":140,"column":51}},"loc":{"start":{"line":140,"column":58},"end":{"line":140,"column":94}},"line":140},"8":{"name":"(anonymous_8)","decl":{"start":{"line":159,"column":13},"end":{"line":159,"column":null}},"loc":{"start":{"line":162,"column":24},"end":{"line":177,"column":null}},"line":162},"9":{"name":"(anonymous_9)","decl":{"start":{"line":183,"column":13},"end":{"line":183,"column":36}},"loc":{"start":{"line":183,"column":75},"end":{"line":184,"column":null}},"line":183},"10":{"name":"(anonymous_10)","decl":{"start":{"line":190,"column":13},"end":{"line":190,"column":39}},"loc":{"start":{"line":190,"column":77},"end":{"line":191,"column":null}},"line":190},"11":{"name":"(anonymous_11)","decl":{"start":{"line":191,"column":16},"end":{"line":191,"column":20}},"loc":{"start":{"line":191,"column":27},"end":{"line":191,"column":58}},"line":191}},"branchMap":{"0":{"loc":{"start":{"line":16,"column":2},"end":{"line":18,"column":null}},"type":"if","locations":[{"start":{"line":16,"column":2},"end":{"line":18,"column":null}},{"start":{},"end":{}}],"line":16},"1":{"loc":{"start":{"line":22,"column":2},"end":{"line":23,"column":null}},"type":"if","locations":[{"start":{"line":22,"column":2},"end":{"line":23,"column":null}},{"start":{},"end":{}}],"line":22},"2":{"loc":{"start":{"line":22,"column":6},"end":{"line":22,"column":43}},"type":"binary-expr","locations":[{"start":{"line":22,"column":6},"end":{"line":22,"column":19}},{"start":{"line":22,"column":19},"end":{"line":22,"column":43}}],"line":22},"3":{"loc":{"start":{"line":27,"column":2},"end":{"line":29,"column":null}},"type":"if","locations":[{"start":{"line":27,"column":2},"end":{"line":29,"column":null}},{"start":{},"end":{}}],"line":27},"4":{"loc":{"start":{"line":27,"column":6},"end":{"line":27,"column":55}},"type":"binary-expr","locations":[{"start":{"line":27,"column":6},"end":{"line":27,"column":25}},{"start":{"line":27,"column":25},"end":{"line":27,"column":55}}],"line":27},"5":{"loc":{"start":{"line":32,"column":2},"end":{"line":36,"column":null}},"type":"if","locations":[{"start":{"line":32,"column":2},"end":{"line":36,"column":null}},{"start":{},"end":{}}],"line":32},"6":{"loc":{"start":{"line":41,"column":4},"end":{"line":45,"column":null}},"type":"if","locations":[{"start":{"line":41,"column":4},"end":{"line":45,"column":null}},{"start":{},"end":{}}],"line":41},"7":{"loc":{"start":{"line":41,"column":8},"end":{"line":41,"column":57}},"type":"binary-expr","locations":[{"start":{"line":41,"column":8},"end":{"line":41,"column":27}},{"start":{"line":41,"column":27},"end":{"line":41,"column":57}}],"line":41},"8":{"loc":{"start":{"line":48,"column":4},"end":{"line":53,"column":null}},"type":"if","locations":[{"start":{"line":48,"column":4},"end":{"line":53,"column":null}},{"start":{},"end":{}}],"line":48},"9":{"loc":{"start":{"line":60,"column":6},"end":{"line":65,"column":null}},"type":"if","locations":[{"start":{"line":60,"column":6},"end":{"line":65,"column":null}},{"start":{},"end":{}}],"line":60},"10":{"loc":{"start":{"line":60,"column":10},"end":{"line":60,"column":49}},"type":"binary-expr","locations":[{"start":{"line":60,"column":10},"end":{"line":60,"column":24}},{"start":{"line":60,"column":24},"end":{"line":60,"column":49}}],"line":60},"11":{"loc":{"start":{"line":68,"column":6},"end":{"line":72,"column":null}},"type":"if","locations":[{"start":{"line":68,"column":6},"end":{"line":72,"column":null}},{"start":{},"end":{}}],"line":68},"12":{"loc":{"start":{"line":84,"column":2},"end":{"line":99,"column":null}},"type":"if","locations":[{"start":{"line":84,"column":2},"end":{"line":99,"column":null}},{"start":{},"end":{}}],"line":84},"13":{"loc":{"start":{"line":85,"column":4},"end":{"line":99,"column":null}},"type":"if","locations":[{"start":{"line":85,"column":4},"end":{"line":99,"column":null}},{"start":{"line":90,"column":15},"end":{"line":99,"column":null}}],"line":85},"14":{"loc":{"start":{"line":85,"column":8},"end":{"line":85,"column":75}},"type":"binary-expr","locations":[{"start":{"line":85,"column":8},"end":{"line":85,"column":36}},{"start":{"line":85,"column":36},"end":{"line":85,"column":75}}],"line":85},"15":{"loc":{"start":{"line":90,"column":15},"end":{"line":99,"column":null}},"type":"if","locations":[{"start":{"line":90,"column":15},"end":{"line":99,"column":null}},{"start":{"line":95,"column":11},"end":{"line":99,"column":null}}],"line":90},"16":{"loc":{"start":{"line":112,"column":2},"end":{"line":113,"column":null}},"type":"if","locations":[{"start":{"line":112,"column":2},"end":{"line":113,"column":null}},{"start":{},"end":{}}],"line":112},"17":{"loc":{"start":{"line":112,"column":6},"end":{"line":112,"column":69}},"type":"binary-expr","locations":[{"start":{"line":112,"column":6},"end":{"line":112,"column":32}},{"start":{"line":112,"column":32},"end":{"line":112,"column":69}}],"line":112},"18":{"loc":{"start":{"line":116,"column":2},"end":{"line":118,"column":null}},"type":"if","locations":[{"start":{"line":116,"column":2},"end":{"line":118,"column":null}},{"start":{},"end":{}}],"line":116},"19":{"loc":{"start":{"line":116,"column":6},"end":{"line":116,"column":59}},"type":"binary-expr","locations":[{"start":{"line":116,"column":6},"end":{"line":116,"column":27}},{"start":{"line":116,"column":27},"end":{"line":116,"column":59}}],"line":116},"20":{"loc":{"start":{"line":121,"column":2},"end":{"line":125,"column":null}},"type":"if","locations":[{"start":{"line":121,"column":2},"end":{"line":125,"column":null}},{"start":{},"end":{}}],"line":121},"21":{"loc":{"start":{"line":129,"column":4},"end":{"line":133,"column":null}},"type":"if","locations":[{"start":{"line":129,"column":4},"end":{"line":133,"column":null}},{"start":{},"end":{}}],"line":129},"22":{"loc":{"start":{"line":129,"column":8},"end":{"line":129,"column":51}},"type":"binary-expr","locations":[{"start":{"line":129,"column":8},"end":{"line":129,"column":24}},{"start":{"line":129,"column":24},"end":{"line":129,"column":51}}],"line":129},"23":{"loc":{"start":{"line":137,"column":2},"end":{"line":145,"column":null}},"type":"if","locations":[{"start":{"line":137,"column":2},"end":{"line":145,"column":null}},{"start":{"line":139,"column":9},"end":{"line":145,"column":null}}],"line":137},"24":{"loc":{"start":{"line":141,"column":4},"end":{"line":145,"column":null}},"type":"if","locations":[{"start":{"line":141,"column":4},"end":{"line":145,"column":null}},{"start":{},"end":{}}],"line":141},"25":{"loc":{"start":{"line":149,"column":2},"end":{"line":150,"column":null}},"type":"if","locations":[{"start":{"line":149,"column":2},"end":{"line":150,"column":null}},{"start":{},"end":{}}],"line":149},"26":{"loc":{"start":{"line":149,"column":6},"end":{"line":149,"column":67}},"type":"binary-expr","locations":[{"start":{"line":149,"column":6},"end":{"line":149,"column":31}},{"start":{"line":149,"column":31},"end":{"line":149,"column":67}}],"line":149},"27":{"loc":{"start":{"line":165,"column":2},"end":{"line":166,"column":null}},"type":"if","locations":[{"start":{"line":165,"column":2},"end":{"line":166,"column":null}},{"start":{},"end":{}}],"line":165},"28":{"loc":{"start":{"line":165,"column":6},"end":{"line":165,"column":69}},"type":"binary-expr","locations":[{"start":{"line":165,"column":6},"end":{"line":165,"column":32}},{"start":{"line":165,"column":32},"end":{"line":165,"column":69}}],"line":165},"29":{"loc":{"start":{"line":169,"column":2},"end":{"line":170,"column":null}},"type":"if","locations":[{"start":{"line":169,"column":2},"end":{"line":170,"column":null}},{"start":{},"end":{}}],"line":169},"30":{"loc":{"start":{"line":173,"column":2},"end":{"line":174,"column":null}},"type":"if","locations":[{"start":{"line":173,"column":2},"end":{"line":174,"column":null}},{"start":{},"end":{}}],"line":173},"31":{"loc":{"start":{"line":173,"column":6},"end":{"line":173,"column":67}},"type":"binary-expr","locations":[{"start":{"line":173,"column":6},"end":{"line":173,"column":31}},{"start":{"line":173,"column":31},"end":{"line":173,"column":67}}],"line":173}},"s":{"0":1,"1":10,"2":10,"3":1,"4":1,"5":9,"6":1,"7":9,"8":1,"9":1,"10":8,"11":1,"12":8,"13":71,"14":1,"15":71,"16":1,"17":1,"18":70,"19":350,"20":350,"21":5,"22":5,"23":345,"24":5,"25":345,"26":340,"27":340,"28":8,"29":8,"30":0,"31":8,"32":1,"33":7,"34":7,"35":7,"36":8,"37":1,"38":348,"39":348,"40":1,"41":348,"42":1,"43":1,"44":347,"45":1,"46":347,"47":1385,"48":1,"49":347,"50":1,"51":346,"52":693,"53":346,"54":2,"55":347,"56":1,"57":347,"58":1,"59":13,"60":13,"61":1,"62":13,"63":1,"64":13,"65":1,"66":13,"67":1,"68":2,"69":1,"70":3,"71":4},"f":{"0":10,"1":71,"2":350,"3":340,"4":7,"5":348,"6":1385,"7":693,"8":13,"9":2,"10":3,"11":4},"b":{"0":[1,9],"1":[1,8],"2":[9,8],"3":[1,8],"4":[9,8],"5":[1,7],"6":[1,70],"7":[71,70],"8":[1,70],"9":[5,345],"10":[350,346],"11":[5,340],"12":[8,0],"13":[0,8],"14":[8,8],"15":[1,7],"16":[1,347],"17":[348,347],"18":[1,347],"19":[348,347],"20":[1,346],"21":[1,1384],"22":[1385,1384],"23":[1,346],"24":[2,344],"25":[1,346],"26":[347,346],"27":[1,12],"28":[13,12],"29":[1,12],"30":[1,12],"31":[13,12]},"meta":{"lastBranch":32,"lastFunction":12,"lastStatement":72,"seen":{"s:12:13:103:Infinity":0,"f:12:13:12:32":0,"s:13:36:13:38":1,"b:16:2:18:Infinity:undefined:undefined:undefined:undefined":0,"s:16:2:18:Infinity":2,"s:17:4:17:Infinity":3,"s:18:4:18:Infinity":4,"b:22:2:23:Infinity:undefined:undefined:undefined:undefined":1,"s:22:2:23:Infinity":5,"b:22:6:22:19:22:19:22:43":2,"s:23:4:23:Infinity":6,"b:27:2:29:Infinity:undefined:undefined:undefined:undefined":3,"s:27:2:29:Infinity":7,"b:27:6:27:25:27:25:27:55":4,"s:28:4:28:Infinity":8,"s:29:4:29:Infinity":9,"b:32:2:36:Infinity:undefined:undefined:undefined:undefined":5,"s:32:2:36:Infinity":10,"s:33:4:36:Infinity":11,"s:40:2:81:Infinity":12,"f:40:17:40:26":1,"b:41:4:45:Infinity:undefined:undefined:undefined:undefined":6,"s:41:4:45:Infinity":13,"b:41:8:41:27:41:27:41:57":7,"s:42:6:45:Infinity":14,"b:48:4:53:Infinity:undefined:undefined:undefined:undefined":8,"s:48:4:53:Infinity":15,"s:49:6:52:Infinity":16,"s:53:6:53:Infinity":17,"s:57:4:80:Infinity":18,"f:57:17:57:26":2,"s:58:24:58:Infinity":19,"b:60:6:65:Infinity:undefined:undefined:undefined:undefined":9,"s:60:6:65:Infinity":20,"b:60:10:60:24:60:24:60:49":10,"s:61:8:64:Infinity":21,"s:65:8:65:Infinity":22,"b:68:6:72:Infinity:undefined:undefined:undefined:undefined":11,"s:68:6:72:Infinity":23,"s:69:8:72:Infinity":24,"s:76:6:79:Infinity":25,"f:76:16:76:25":3,"s:77:24:77:112":26,"s:78:8:78:Infinity":27,"b:84:2:99:Infinity:undefined:undefined:undefined:undefined":12,"s:84:2:99:Infinity":28,"b:85:4:99:Infinity:90:15:99:Infinity":13,"s:85:4:99:Infinity":29,"b:85:8:85:36:85:36:85:75":14,"s:86:6:89:Infinity":30,"b:90:15:99:Infinity:95:11:99:Infinity":15,"s:90:15:99:Infinity":31,"s:91:6:94:Infinity":32,"s:96:6:99:Infinity":33,"f:96:30:96:39":4,"s:97:24:97:93":34,"s:98:8:98:Infinity":35,"s:103:2:103:Infinity":36,"s:109:13:153:Infinity":37,"f:109:13:109:33":5,"s:110:36:110:38":38,"b:112:2:113:Infinity:undefined:undefined:undefined:undefined":16,"s:112:2:113:Infinity":39,"b:112:6:112:32:112:32:112:69":17,"s:113:4:113:Infinity":40,"b:116:2:118:Infinity:undefined:undefined:undefined:undefined":18,"s:116:2:118:Infinity":41,"b:116:6:116:27:116:27:116:59":19,"s:117:4:117:Infinity":42,"s:118:4:118:Infinity":43,"b:121:2:125:Infinity:undefined:undefined:undefined:undefined":20,"s:121:2:125:Infinity":44,"s:122:4:125:Infinity":45,"s:128:2:135:Infinity":46,"f:128:19:128:28":6,"b:129:4:133:Infinity:undefined:undefined:undefined:undefined":21,"s:129:4:133:Infinity":47,"b:129:8:129:24:129:24:129:51":22,"s:130:6:133:Infinity":48,"b:137:2:145:Infinity:139:9:145:Infinity":23,"s:137:2:145:Infinity":49,"s:138:4:138:Infinity":50,"s:140:29:140:94":51,"f:140:46:140:51":7,"s:140:58:140:94":52,"b:141:4:145:Infinity:undefined:undefined:undefined:undefined":24,"s:141:4:145:Infinity":53,"s:142:6:145:Infinity":54,"b:149:2:150:Infinity:undefined:undefined:undefined:undefined":25,"s:149:2:150:Infinity":55,"b:149:6:149:31:149:31:149:67":26,"s:150:4:150:Infinity":56,"s:153:2:153:Infinity":57,"s:159:13:177:Infinity":58,"f:159:13:159:Infinity":8,"s:163:36:163:38":59,"b:165:2:166:Infinity:undefined:undefined:undefined:undefined":27,"s:165:2:166:Infinity":60,"b:165:6:165:32:165:32:165:69":28,"s:166:4:166:Infinity":61,"b:169:2:170:Infinity:undefined:undefined:undefined:undefined":29,"s:169:2:170:Infinity":62,"s:170:4:170:Infinity":63,"b:173:2:174:Infinity:undefined:undefined:undefined:undefined":30,"s:173:2:174:Infinity":64,"b:173:6:173:31:173:31:173:67":31,"s:174:4:174:Infinity":65,"s:177:2:177:Infinity":66,"s:183:13:184:Infinity":67,"f:183:13:183:36":9,"s:184:2:184:Infinity":68,"s:190:13:191:Infinity":69,"f:190:13:190:39":10,"s:191:2:191:Infinity":70,"f:191:16:191:20":11,"s:191:27:191:58":71}}}
}
